Log file open, 03/26/21 14:22:47
LogInit: Display: Running engine for game: Star_Wars_RP
LogPlatformFile: Not using cached read wrapper
LogTaskGraph: Started task graph with 5 named threads and 47 total threads with 3 sets of task threads.
LogStats: Stats thread started at 0.234260
LogD3D11RHI: Loaded GFSDK_Aftermath_Lib.x64.dll
LogICUInternationalization: ICU TimeZone Detection - Raw Offset: +1:00, Platform Override: ''
LogPluginManager: Warning: Engine version string in ../../../../../../roxxa/Documents/Unreal_Projects/Star_Wars_RP/Plugins/BlueprintJson/BlueprintJson.uplugin could not be parsed ("4.25")
LogPluginManager: Mounting plugin Paper2D
LogPluginManager: Mounting plugin AISupport
LogPluginManager: Mounting plugin LightPropagationVolume
LogPluginManager: Mounting plugin CameraShakePreviewer
LogPluginManager: Mounting plugin ActorLayerUtilities
LogPluginManager: Mounting plugin AnimationSharing
LogPluginManager: Mounting plugin CLionSourceCodeAccess
LogPluginManager: Mounting plugin CodeLiteSourceCodeAccess
LogPluginManager: Mounting plugin GitSourceControl
LogPluginManager: Mounting plugin KDevelopSourceCodeAccess
LogPluginManager: Mounting plugin NullSourceCodeAccess
LogPluginManager: Mounting plugin PerforceSourceControl
LogPluginManager: Mounting plugin PlasticSourceControl
LogPluginManager: Mounting plugin RiderSourceCodeAccess
LogPluginManager: Mounting plugin SubversionSourceControl
LogPluginManager: Mounting plugin UObjectPlugin
LogPluginManager: Mounting plugin VisualStudioCodeSourceCodeAccess
LogPluginManager: Mounting plugin VisualStudioSourceCodeAccess
LogPluginManager: Mounting plugin XCodeSourceCodeAccess
LogPluginManager: Mounting plugin AssetManagerEditor
LogPluginManager: Mounting plugin CryptoKeys
LogPluginManager: Mounting plugin CurveEditorTools
LogPluginManager: Mounting plugin DataValidation
LogPluginManager: Mounting plugin EditorScriptingUtilities
LogPluginManager: Mounting plugin FacialAnimation
LogPluginManager: Mounting plugin GameplayTagsEditor
LogPluginManager: Mounting plugin GeometryMode
LogPluginManager: Mounting plugin MacGraphicsSwitching
LogPluginManager: Mounting plugin MaterialAnalyzer
LogPluginManager: Mounting plugin MobileLauncherProfileWizard
LogPluginManager: Mounting plugin PluginBrowser
LogPluginManager: Mounting plugin SpeedTreeImporter
LogPluginManager: Mounting plugin DatasmithContent
LogPluginManager: Mounting plugin VariantManagerContent
LogPluginManager: Mounting plugin AlembicImporter
LogPluginManager: Mounting plugin AutomationUtils
LogPluginManager: Mounting plugin BackChannel
LogPluginManager: Mounting plugin ChaosCloth
LogPluginManager: Mounting plugin ChaosClothEditor
LogPluginManager: Mounting plugin ChaosEditor
LogPluginManager: Mounting plugin ChaosNiagara
LogPluginManager: Mounting plugin ChaosSolverPlugin
LogPluginManager: Mounting plugin CharacterAI
LogPluginManager: Mounting plugin GeometryCache
LogPluginManager: Mounting plugin GeometryCollectionPlugin
LogPluginManager: Mounting plugin GeometryProcessing
LogPluginManager: Mounting plugin PlanarCut
LogPluginManager: Mounting plugin PlatformCrypto
LogPluginManager: Mounting plugin ProxyLODPlugin
LogPluginManager: Mounting plugin PythonScriptPlugin
LogPluginManager: Mounting plugin SkeletalReduction
LogPluginManager: Mounting plugin Niagara
LogPluginManager: Mounting plugin MagicLeap
LogPluginManager: Mounting plugin MagicLeapLightEstimation
LogPluginManager: Mounting plugin MagicLeapMedia
LogPluginManager: Mounting plugin MagicLeapPassableWorld
LogPluginManager: Mounting plugin MLSDK
LogPluginManager: Mounting plugin AndroidMedia
LogPluginManager: Mounting plugin AvfMedia
LogPluginManager: Mounting plugin ImgMedia
LogPluginManager: Mounting plugin MediaCompositing
LogPluginManager: Mounting plugin MediaPlayerEditor
LogPluginManager: Mounting plugin WebMMedia
LogPluginManager: Mounting plugin WmfMedia
LogPluginManager: Mounting plugin MegascansPlugin
LogPluginManager: Mounting plugin MeshPainting
LogPluginManager: Mounting plugin TcpMessaging
LogPluginManager: Mounting plugin UdpMessaging
LogPluginManager: Mounting plugin ActorSequence
LogPluginManager: Mounting plugin LevelSequenceEditor
LogPluginManager: Mounting plugin MatineeToLevelSequence
LogPluginManager: Mounting plugin MovieRenderPipeline
LogPluginManager: Mounting plugin TemplateSequence
LogPluginManager: Mounting plugin NetcodeUnitTest
LogPluginManager: Mounting plugin NUTUnrealEngine4
LogPluginManager: Mounting plugin OnlineSubsystemGooglePlay
LogPluginManager: Mounting plugin OnlineSubsystemIOS
LogPluginManager: Mounting plugin OnlineSubsystem
LogPluginManager: Mounting plugin OnlineSubsystemNull
LogPluginManager: Mounting plugin OnlineSubsystemSteam
LogPluginManager: Mounting plugin OnlineSubsystemUtils
LogPluginManager: Mounting plugin LauncherChunkInstaller
LogPluginManager: Mounting plugin AndroidDeviceProfileSelector
LogPluginManager: Mounting plugin AndroidMoviePlayer
LogPluginManager: Mounting plugin AndroidPermission
LogPluginManager: Mounting plugin AppleImageUtils
LogPluginManager: Mounting plugin AppleMoviePlayer
LogPluginManager: Mounting plugin ArchVisCharacter
LogPluginManager: Mounting plugin AssetTags
LogPluginManager: Mounting plugin AudioCapture
LogPluginManager: Mounting plugin CableComponent
LogPluginManager: Mounting plugin CustomMeshComponent
LogPluginManager: Mounting plugin DatabaseSupport
LogPluginManager: Mounting plugin SQLiteCore
LogPluginManager: Mounting plugin SQLiteSupport
LogPluginManager: Mounting plugin EditableMesh
LogPluginManager: Mounting plugin ExampleDeviceProfileSelector
LogPluginManager: Mounting plugin GoogleCloudMessaging
LogPluginManager: Mounting plugin GooglePAD
LogPluginManager: Mounting plugin IOSDeviceProfileSelector
LogPluginManager: Mounting plugin LinuxDeviceProfileSelector
LogPluginManager: Mounting plugin LocationServicesBPLibrary
LogPluginManager: Mounting plugin MobilePatchingUtils
LogPluginManager: Mounting plugin OculusVR
LogPluginManager: Mounting plugin PhysXVehicles
LogPluginManager: Mounting plugin PostSplashScreen
LogPluginManager: Mounting plugin ProceduralMeshComponent
LogPluginManager: Mounting plugin RuntimePhysXCooking
LogPluginManager: Mounting plugin SignificanceManager
LogPluginManager: Mounting plugin SoundFields
LogPluginManager: Mounting plugin SteamShared
LogPluginManager: Mounting plugin SteamVR
LogPluginManager: Mounting plugin Synthesis
LogPluginManager: Mounting plugin WebMMoviePlayer
LogPluginManager: Mounting plugin WindowsMoviePlayer
LogPluginManager: Mounting plugin ScreenshotTools
LogPluginManager: Mounting plugin AdvancedSessions
LogPluginManager: Mounting plugin AdvancedSteamSessions
LogPluginManager: Mounting plugin BlueprintJson
LogPluginManager: Mounting plugin KillerJimMod
LogPluginManager: Mounting plugin KJModEditor
LogPluginManager: Mounting plugin OpenVRExpansionPlugin
LogPluginManager: Mounting plugin VRExpansionPlugin
LogInit: Using libcurl 7.55.1-DEV
LogInit:  - built for x86_64-pc-win32
LogInit:  - supports SSL with OpenSSL/1.1.1
LogInit:  - supports HTTP deflate (compression) using libz 1.2.8
LogInit:  - other features:
LogInit:      CURL_VERSION_SSL
LogInit:      CURL_VERSION_LIBZ
LogInit:      CURL_VERSION_IPV6
LogInit:      CURL_VERSION_ASYNCHDNS
LogInit:      CURL_VERSION_LARGEFILE
LogInit:      CURL_VERSION_IDN
LogInit:  CurlRequestOptions (configurable via config and command line):
LogInit:  - bVerifyPeer = true  - Libcurl will verify peer certificate
LogInit:  - bUseHttpProxy = false  - Libcurl will NOT use HTTP proxy
LogInit:  - bDontReuseConnections = false  - Libcurl will reuse connections
LogInit:  - MaxHostConnections = 16  - Libcurl will limit the number of connections to a host
LogInit:  - LocalHostAddr = Default
LogInit:  - BufferSize = 65536
LogOnline: OSS: Creating online subsystem instance for: NULL
LogInit: WinSock: version 1.1 (2.2), MaxSocks=32767, MaxUdp=65467
LogOnline: OSS: TryLoadSubsystemAndSetDefault: Loaded subsystem for module [NULL]
LogInit: Build: ++UE4+Release-4.25-CL-14469661
LogInit: Engine Version: 4.25.4-14469661+++UE4+Release-4.25
LogInit: Compatible Engine Version: 4.25.0-13144385+++UE4+Release-4.25
LogInit: Net CL: 13144385
LogInit: OS: Windows 10 (Release 2004) (), CPU: AMD Ryzen 7 2700X Eight-Core Processor         , GPU: NVIDIA GeForce GTX 1060 6GB
LogInit: Compiled (64-bit): Oct 11 2020 08:10:49
LogInit: Compiled with Visual C++: 19.24.28315.00
LogInit: Build Configuration: Development
LogInit: Branch Name: ++UE4+Release-4.25
LogInit: Command Line: 
LogInit: Base Directory: D:/ProgramFiles/Epic Games/UE_4.25/Engine/Binaries/Win64/
LogInit: Allocator: TBB
LogInit: Installed Engine Build: 1
LogDevObjectVersion: Number of dev versions registered: 26
LogDevObjectVersion:   Dev-Blueprints (B0D832E4-1F89-4F0D-ACCF-7EB736FD4AA2): 10
LogDevObjectVersion:   Dev-Build (E1C64328-A22C-4D53-A36C-8E866417BD8C): 0
LogDevObjectVersion:   Dev-Core (375EC13C-06E4-48FB-B500-84F0262A717E): 4
LogDevObjectVersion:   Dev-Editor (E4B068ED-F494-42E9-A231-DA0B2E46BB41): 38
LogDevObjectVersion:   Dev-Framework (CFFC743F-43B0-4480-9391-14DF171D2073): 37
LogDevObjectVersion:   Dev-Mobile (B02B49B5-BB20-44E9-A304-32B752E40360): 2
LogDevObjectVersion:   Dev-Networking (A4E4105C-59A1-49B5-A7C5-40C4547EDFEE): 0
LogDevObjectVersion:   Dev-Online (39C831C9-5AE6-47DC-9A44-9C173E1C8E7C): 0
LogDevObjectVersion:   Dev-Physics (78F01B33-EBEA-4F98-B9B4-84EACCB95AA2): 4
LogDevObjectVersion:   Dev-Platform (6631380F-2D4D-43E0-8009-CF276956A95A): 0
LogDevObjectVersion:   Dev-Rendering (12F88B9F-8875-4AFC-A67C-D90C383ABD29): 43
LogDevObjectVersion:   Dev-Sequencer (7B5AE74C-D270-4C10-A958-57980B212A5A): 12
LogDevObjectVersion:   Dev-VR (D7296918-1DD6-4BDD-9DE2-64A83CC13884): 3
LogDevObjectVersion:   Dev-LoadTimes (C2A15278-BFE7-4AFE-6C17-90FF531DF755): 1
LogDevObjectVersion:   Private-Geometry (6EACA3D4-40EC-4CC1-B786-8BED09428FC5): 3
LogDevObjectVersion:   Dev-AnimPhys (29E575DD-E0A3-4627-9D10-D276232CDCEA): 17
LogDevObjectVersion:   Dev-Anim (AF43A65D-7FD3-4947-9873-3E8ED9C1BB05): 7
LogDevObjectVersion:   Dev-ReflectionCapture (6B266CEC-1EC7-4B8F-A30B-E4D90942FC07): 1
LogDevObjectVersion:   Dev-Automation (0DF73D61-A23F-47EA-B727-89E90C41499A): 1
LogDevObjectVersion:   FortniteMain (601D1886-AC64-4F84-AA16-D3DE0DEAC7D6): 31
LogDevObjectVersion:   Dev-Enterprise (9DFFBCD6-494F-0158-E221-12823C92A888): 10
LogDevObjectVersion:   Dev-Niagara (F2AED0AC-9AFE-416F-8664-AA7FFA26D6FC): 1
LogDevObjectVersion:   Dev-Destruction (174F1F0B-B4C6-45A5-B13F-2EE8D0FB917D): 10
LogDevObjectVersion:   Dev-Physics-Ext (35F94A83-E258-406C-A318-09F59610247C): 37
LogDevObjectVersion:   Dev-PhysicsMaterial-Chaos (B68FC16E-8B1B-42E2-B453-215C058844FE): 1
LogDevObjectVersion:   Dev-CineCamera (B2E18506-4273-CFC2-A54E-F4BB758BBA07): 1
LogInit: Presizing for max 25165824 objects, including 0 objects not considered by GC, pre-allocating 0 bytes for permanent pool.
LogConfig: Applying CVar settings from Section [/Script/Engine.StreamingSettings] File [D:/roxxa/Documents/Unreal_Projects/Star_Wars_RP/Saved/Config/Windows/Engine.ini]
LogConfig: Setting CVar [[s.MinBulkDataSizeForAsyncLoading:131072]]
LogConfig: Setting CVar [[s.AsyncLoadingThreadEnabled:0]]
LogConfig: Setting CVar [[s.EventDrivenLoaderEnabled:1]]
LogConfig: Setting CVar [[s.WarnIfTimeLimitExceeded:0]]
LogConfig: Setting CVar [[s.TimeLimitExceededMultiplier:1.5]]
LogConfig: Setting CVar [[s.TimeLimitExceededMinTime:0.005]]
LogConfig: Setting CVar [[s.UseBackgroundLevelStreaming:1]]
LogConfig: Setting CVar [[s.PriorityAsyncLoadingExtraTime:15.0]]
LogConfig: Setting CVar [[s.LevelStreamingActorsUpdateTimeLimit:5.0]]
LogConfig: Setting CVar [[s.PriorityLevelStreamingActorsUpdateExtraTime:5.0]]
LogConfig: Setting CVar [[s.LevelStreamingComponentsRegistrationGranularity:10]]
LogConfig: Setting CVar [[s.UnregisterComponentsTimeLimit:1.0]]
LogConfig: Setting CVar [[s.LevelStreamingComponentsUnregistrationGranularity:5]]
LogConfig: Setting CVar [[s.FlushStreamingOnExit:1]]
LogInit: Object subsystem initialized
LogConfig: Setting CVar [[con.DebugEarlyDefault:1]]
LogConfig: Setting CVar [[r.setres:1280x720]]
[2021.03.26-13.22.48:056][  0]LogConfig: Setting CVar [[r.VSync:0]]
[2021.03.26-13.22.48:056][  0]LogConfig: Setting CVar [[r.RHICmdBypass:0]]
[2021.03.26-13.22.48:056][  0]LogConfig: Applying CVar settings from Section [/Script/Engine.RendererSettings] File [D:/roxxa/Documents/Unreal_Projects/Star_Wars_RP/Saved/Config/Windows/Engine.ini]
[2021.03.26-13.22.48:056][  0]LogConfig: Setting CVar [[r.GPUCrashDebugging:0]]
[2021.03.26-13.22.48:056][  0]LogConfig: Applying CVar settings from Section [/Script/Engine.RendererOverrideSettings] File [D:/roxxa/Documents/Unreal_Projects/Star_Wars_RP/Saved/Config/Windows/Engine.ini]
[2021.03.26-13.22.48:056][  0]LogConfig: Applying CVar settings from Section [/Script/Engine.StreamingSettings] File [D:/roxxa/Documents/Unreal_Projects/Star_Wars_RP/Saved/Config/Windows/Engine.ini]
[2021.03.26-13.22.48:056][  0]LogConfig: Setting CVar [[s.MinBulkDataSizeForAsyncLoading:131072]]
[2021.03.26-13.22.48:056][  0]LogConfig: Setting CVar [[s.AsyncLoadingThreadEnabled:0]]
[2021.03.26-13.22.48:056][  0]LogConfig: Setting CVar [[s.EventDrivenLoaderEnabled:1]]
[2021.03.26-13.22.48:056][  0]LogConfig: Setting CVar [[s.WarnIfTimeLimitExceeded:0]]
[2021.03.26-13.22.48:056][  0]LogConfig: Setting CVar [[s.TimeLimitExceededMultiplier:1.5]]
[2021.03.26-13.22.48:056][  0]LogConfig: Setting CVar [[s.TimeLimitExceededMinTime:0.005]]
[2021.03.26-13.22.48:056][  0]LogConfig: Setting CVar [[s.UseBackgroundLevelStreaming:1]]
[2021.03.26-13.22.48:056][  0]LogConfig: Setting CVar [[s.PriorityAsyncLoadingExtraTime:15.0]]
[2021.03.26-13.22.48:056][  0]LogConfig: Setting CVar [[s.LevelStreamingActorsUpdateTimeLimit:5.0]]
[2021.03.26-13.22.48:056][  0]LogConfig: Setting CVar [[s.PriorityLevelStreamingActorsUpdateExtraTime:5.0]]
[2021.03.26-13.22.48:056][  0]LogConfig: Setting CVar [[s.LevelStreamingComponentsRegistrationGranularity:10]]
[2021.03.26-13.22.48:056][  0]LogConfig: Setting CVar [[s.UnregisterComponentsTimeLimit:1.0]]
[2021.03.26-13.22.48:056][  0]LogConfig: Setting CVar [[s.LevelStreamingComponentsUnregistrationGranularity:5]]
[2021.03.26-13.22.48:056][  0]LogConfig: Setting CVar [[s.FlushStreamingOnExit:1]]
[2021.03.26-13.22.48:056][  0]LogConfig: Applying CVar settings from Section [/Script/Engine.GarbageCollectionSettings] File [D:/roxxa/Documents/Unreal_Projects/Star_Wars_RP/Saved/Config/Windows/Engine.ini]
[2021.03.26-13.22.48:056][  0]LogConfig: Setting CVar [[gc.MaxObjectsNotConsideredByGC:1]]
[2021.03.26-13.22.48:056][  0]LogConfig: Setting CVar [[gc.SizeOfPermanentObjectPool:0]]
[2021.03.26-13.22.48:056][  0]LogConfig: Setting CVar [[gc.FlushStreamingOnGC:0]]
[2021.03.26-13.22.48:056][  0]LogConfig: Setting CVar [[gc.NumRetriesBeforeForcingGC:10]]
[2021.03.26-13.22.48:056][  0]LogConfig: Setting CVar [[gc.AllowParallelGC:1]]
[2021.03.26-13.22.48:056][  0]LogConfig: Setting CVar [[gc.TimeBetweenPurgingPendingKillObjects:61.1]]
[2021.03.26-13.22.48:056][  0]LogConfig: Setting CVar [[gc.MaxObjectsInEditor:25165824]]
[2021.03.26-13.22.48:056][  0]LogConfig: Setting CVar [[gc.IncrementalBeginDestroyEnabled:1]]
[2021.03.26-13.22.48:056][  0]LogConfig: Setting CVar [[gc.CreateGCClusters:1]]
[2021.03.26-13.22.48:056][  0]LogConfig: Setting CVar [[gc.MinGCClusterSize:5]]
[2021.03.26-13.22.48:056][  0]LogConfig: Setting CVar [[gc.ActorClusteringEnabled:0]]
[2021.03.26-13.22.48:056][  0]LogConfig: Setting CVar [[gc.BlueprintClusteringEnabled:0]]
[2021.03.26-13.22.48:056][  0]LogConfig: Setting CVar [[gc.UseDisregardForGCOnDedicatedServers:0]]
[2021.03.26-13.22.48:056][  0]LogConfig: Applying CVar settings from Section [/Script/Engine.NetworkSettings] File [D:/roxxa/Documents/Unreal_Projects/Star_Wars_RP/Saved/Config/Windows/Engine.ini]
[2021.03.26-13.22.48:056][  0]LogConfig: Applying CVar settings from Section [/Script/UnrealEd.CookerSettings] File [D:/roxxa/Documents/Unreal_Projects/Star_Wars_RP/Saved/Config/Windows/Engine.ini]
[2021.03.26-13.22.48:063][  0]LogConfig: Applying CVar settings from Section [ViewDistanceQuality@3] File [D:/roxxa/Documents/Unreal_Projects/Star_Wars_RP/Saved/Config/Windows/Scalability.ini]
[2021.03.26-13.22.48:063][  0]LogConfig: Setting CVar [[r.SkeletalMeshLODBias:0]]
[2021.03.26-13.22.48:063][  0]LogConfig: Setting CVar [[r.ViewDistanceScale:1.0]]
[2021.03.26-13.22.48:063][  0]LogConfig: Applying CVar settings from Section [AntiAliasingQuality@3] File [D:/roxxa/Documents/Unreal_Projects/Star_Wars_RP/Saved/Config/Windows/Scalability.ini]
[2021.03.26-13.22.48:063][  0]LogConfig: Setting CVar [[r.PostProcessAAQuality:4]]
[2021.03.26-13.22.48:063][  0]LogConfig: Applying CVar settings from Section [ShadowQuality@3] File [D:/roxxa/Documents/Unreal_Projects/Star_Wars_RP/Saved/Config/Windows/Scalability.ini]
[2021.03.26-13.22.48:063][  0]LogConfig: Setting CVar [[r.LightFunctionQuality:1]]
[2021.03.26-13.22.48:063][  0]LogConfig: Setting CVar [[r.ShadowQuality:5]]
[2021.03.26-13.22.48:063][  0]LogConfig: Setting CVar [[r.Shadow.CSM.MaxCascades:10]]
[2021.03.26-13.22.48:063][  0]LogConfig: Setting CVar [[r.Shadow.MaxResolution:2048]]
[2021.03.26-13.22.48:063][  0]LogConfig: Setting CVar [[r.Shadow.MaxCSMResolution:2048]]
[2021.03.26-13.22.48:063][  0]LogConfig: Setting CVar [[r.Shadow.RadiusThreshold:0.01]]
[2021.03.26-13.22.48:063][  0]LogConfig: Setting CVar [[r.Shadow.DistanceScale:1.0]]
[2021.03.26-13.22.48:063][  0]LogConfig: Setting CVar [[r.Shadow.CSM.TransitionScale:1.0]]
[2021.03.26-13.22.48:063][  0]LogConfig: Setting CVar [[r.Shadow.PreShadowResolutionFactor:1.0]]
[2021.03.26-13.22.48:063][  0]LogConfig: Setting CVar [[r.DistanceFieldShadowing:1]]
[2021.03.26-13.22.48:063][  0]LogConfig: Setting CVar [[r.DistanceFieldAO:1]]
[2021.03.26-13.22.48:063][  0]LogConfig: Setting CVar [[r.AOQuality:2]]
[2021.03.26-13.22.48:063][  0]LogConfig: Setting CVar [[r.VolumetricFog:1]]
[2021.03.26-13.22.48:063][  0]LogConfig: Setting CVar [[r.VolumetricFog.GridPixelSize:8]]
[2021.03.26-13.22.48:063][  0]LogConfig: Setting CVar [[r.VolumetricFog.GridSizeZ:128]]
[2021.03.26-13.22.48:063][  0]LogConfig: Setting CVar [[r.VolumetricFog.HistoryMissSupersampleCount:4]]
[2021.03.26-13.22.48:063][  0]LogConfig: Setting CVar [[r.LightMaxDrawDistanceScale:1]]
[2021.03.26-13.22.48:063][  0]LogConfig: Setting CVar [[r.CapsuleShadows:1]]
[2021.03.26-13.22.48:063][  0]LogConfig: Applying CVar settings from Section [PostProcessQuality@3] File [D:/roxxa/Documents/Unreal_Projects/Star_Wars_RP/Saved/Config/Windows/Scalability.ini]
[2021.03.26-13.22.48:063][  0]LogConfig: Setting CVar [[r.MotionBlurQuality:4]]
[2021.03.26-13.22.48:063][  0]LogConfig: Setting CVar [[r.AmbientOcclusionMipLevelFactor:0.4]]
[2021.03.26-13.22.48:063][  0]LogConfig: Setting CVar [[r.AmbientOcclusionMaxQuality:100]]
[2021.03.26-13.22.48:063][  0]LogConfig: Setting CVar [[r.AmbientOcclusionLevels:-1]]
[2021.03.26-13.22.48:063][  0]LogConfig: Setting CVar [[r.AmbientOcclusionRadiusScale:1.0]]
[2021.03.26-13.22.48:063][  0]LogConfig: Setting CVar [[r.DepthOfFieldQuality:2]]
[2021.03.26-13.22.48:063][  0]LogConfig: Setting CVar [[r.RenderTargetPoolMin:400]]
[2021.03.26-13.22.48:063][  0]LogConfig: Setting CVar [[r.LensFlareQuality:2]]
[2021.03.26-13.22.48:063][  0]LogConfig: Setting CVar [[r.SceneColorFringeQuality:1]]
[2021.03.26-13.22.48:063][  0]LogConfig: Setting CVar [[r.EyeAdaptationQuality:2]]
[2021.03.26-13.22.48:063][  0]LogConfig: Setting CVar [[r.BloomQuality:5]]
[2021.03.26-13.22.48:063][  0]LogConfig: Setting CVar [[r.FastBlurThreshold:100]]
[2021.03.26-13.22.48:063][  0]LogConfig: Setting CVar [[r.Upscale.Quality:3]]
[2021.03.26-13.22.48:063][  0]LogConfig: Setting CVar [[r.Tonemapper.GrainQuantization:1]]
[2021.03.26-13.22.48:063][  0]LogConfig: Setting CVar [[r.LightShaftQuality:1]]
[2021.03.26-13.22.48:063][  0]LogConfig: Setting CVar [[r.Filter.SizeScale:1]]
[2021.03.26-13.22.48:063][  0]LogConfig: Setting CVar [[r.Tonemapper.Quality:5]]
[2021.03.26-13.22.48:063][  0]LogConfig: Setting CVar [[r.DOF.Gather.AccumulatorQuality:1        ; higher gathering accumulator quality]]
[2021.03.26-13.22.48:064][  0]LogConfig: Setting CVar [[r.DOF.Gather.PostfilterMethod:1          ; Median3x3 postfilering method]]
[2021.03.26-13.22.48:064][  0]LogConfig: Setting CVar [[r.DOF.Gather.EnableBokehSettings:0       ; no bokeh simulation when gathering]]
[2021.03.26-13.22.48:064][  0]LogConfig: Setting CVar [[r.DOF.Gather.RingCount:4                 ; medium number of samples when gathering]]
[2021.03.26-13.22.48:064][  0]LogConfig: Setting CVar [[r.DOF.Scatter.ForegroundCompositing:1    ; additive foreground scattering]]
[2021.03.26-13.22.48:064][  0]LogConfig: Setting CVar [[r.DOF.Scatter.BackgroundCompositing:2    ; additive background scattering]]
[2021.03.26-13.22.48:064][  0]LogConfig: Setting CVar [[r.DOF.Scatter.EnableBokehSettings:1      ; bokeh simulation when scattering]]
[2021.03.26-13.22.48:064][  0]LogConfig: Setting CVar [[r.DOF.Scatter.MaxSpriteRatio:0.1         ; only a maximum of 10% of scattered bokeh]]
[2021.03.26-13.22.48:064][  0]LogConfig: Setting CVar [[r.DOF.Recombine.Quality:1                ; cheap slight out of focus]]
[2021.03.26-13.22.48:064][  0]LogConfig: Setting CVar [[r.DOF.Recombine.EnableBokehSettings:0    ; no bokeh simulation on slight out of focus]]
[2021.03.26-13.22.48:064][  0]LogConfig: Setting CVar [[r.DOF.TemporalAAQuality:1                ; more stable temporal accumulation]]
[2021.03.26-13.22.48:064][  0]LogConfig: Setting CVar [[r.DOF.Kernel.MaxForegroundRadius:0.025]]
[2021.03.26-13.22.48:064][  0]LogConfig: Setting CVar [[r.DOF.Kernel.MaxBackgroundRadius:0.025]]
[2021.03.26-13.22.48:064][  0]LogConfig: Applying CVar settings from Section [TextureQuality@3] File [D:/roxxa/Documents/Unreal_Projects/Star_Wars_RP/Saved/Config/Windows/Scalability.ini]
[2021.03.26-13.22.48:064][  0]LogConfig: Setting CVar [[r.Streaming.MipBias:0]]
[2021.03.26-13.22.48:064][  0]LogConfig: Setting CVar [[r.Streaming.AmortizeCPUToGPUCopy:0]]
[2021.03.26-13.22.48:064][  0]LogConfig: Setting CVar [[r.Streaming.MaxNumTexturesToStreamPerFrame:0]]
[2021.03.26-13.22.48:064][  0]LogConfig: Setting CVar [[r.Streaming.Boost:1]]
[2021.03.26-13.22.48:064][  0]LogConfig: Setting CVar [[r.MaxAnisotropy:8]]
[2021.03.26-13.22.48:064][  0]LogConfig: Setting CVar [[r.VT.MaxAnisotropy:8]]
[2021.03.26-13.22.48:064][  0]LogConfig: Setting CVar [[r.Streaming.LimitPoolSizeToVRAM:0]]
[2021.03.26-13.22.48:064][  0]LogConfig: Setting CVar [[r.Streaming.PoolSize:1000]]
[2021.03.26-13.22.48:064][  0]LogConfig: Setting CVar [[r.Streaming.MaxEffectiveScreenSize:0]]
[2021.03.26-13.22.48:064][  0]LogConfig: Applying CVar settings from Section [EffectsQuality@3] File [D:/roxxa/Documents/Unreal_Projects/Star_Wars_RP/Saved/Config/Windows/Scalability.ini]
[2021.03.26-13.22.48:064][  0]LogConfig: Setting CVar [[r.TranslucencyLightingVolumeDim:64]]
[2021.03.26-13.22.48:064][  0]LogConfig: Setting CVar [[r.RefractionQuality:2]]
[2021.03.26-13.22.48:064][  0]LogConfig: Setting CVar [[r.SSR.Quality:3]]
[2021.03.26-13.22.48:064][  0]LogConfig: Setting CVar [[r.SSR.HalfResSceneColor:0]]
[2021.03.26-13.22.48:064][  0]LogConfig: Setting CVar [[r.SceneColorFormat:4]]
[2021.03.26-13.22.48:064][  0]LogConfig: Setting CVar [[r.DetailMode:2]]
[2021.03.26-13.22.48:064][  0]LogConfig: Setting CVar [[r.TranslucencyVolumeBlur:1]]
[2021.03.26-13.22.48:064][  0]LogConfig: Setting CVar [[r.MaterialQualityLevel:1 ; High quality]]
[2021.03.26-13.22.48:064][  0]LogConfig: Setting CVar [[r.SSS.Scale:1]]
[2021.03.26-13.22.48:064][  0]LogConfig: Setting CVar [[r.SSS.SampleSet:2]]
[2021.03.26-13.22.48:064][  0]LogConfig: Setting CVar [[r.SSS.Quality:1]]
[2021.03.26-13.22.48:064][  0]LogConfig: Setting CVar [[r.SSS.HalfRes:0]]
[2021.03.26-13.22.48:064][  0]LogConfig: Setting CVar [[r.SSGI.Quality:3]]
[2021.03.26-13.22.48:064][  0]LogConfig: Setting CVar [[r.EmitterSpawnRateScale:1.0]]
[2021.03.26-13.22.48:064][  0]LogConfig: Setting CVar [[r.ParticleLightQuality:2]]
[2021.03.26-13.22.48:064][  0]LogConfig: Setting CVar [[r.SkyAtmosphere.AerialPerspectiveLUT.FastApplyOnOpaque:1 ; Always have FastSkyLUT 1 in this case to avoid wrong sky]]
[2021.03.26-13.22.48:064][  0]LogConfig: Setting CVar [[r.SkyAtmosphere.AerialPerspectiveLUT.SampleCountPerSlice:1]]
[2021.03.26-13.22.48:064][  0]LogConfig: Setting CVar [[r.SkyAtmosphere.AerialPerspectiveLUT.DepthResolution:16.0]]
[2021.03.26-13.22.48:064][  0]LogConfig: Setting CVar [[r.SkyAtmosphere.FastSkyLUT:1]]
[2021.03.26-13.22.48:064][  0]LogConfig: Setting CVar [[r.SkyAtmosphere.FastSkyLUT.SampleCountMin:4.0]]
[2021.03.26-13.22.48:064][  0]LogConfig: Setting CVar [[r.SkyAtmosphere.FastSkyLUT.SampleCountMax:32.0]]
[2021.03.26-13.22.48:064][  0]LogConfig: Setting CVar [[r.SkyAtmosphere.SampleCountMin:4.0]]
[2021.03.26-13.22.48:064][  0]LogConfig: Setting CVar [[r.SkyAtmosphere.SampleCountMax:32.0]]
[2021.03.26-13.22.48:064][  0]LogConfig: Setting CVar [[r.SkyAtmosphere.TransmittanceLUT.UseSmallFormat:0]]
[2021.03.26-13.22.48:064][  0]LogConfig: Setting CVar [[r.SkyAtmosphere.TransmittanceLUT.SampleCount:10.0]]
[2021.03.26-13.22.48:064][  0]LogConfig: Setting CVar [[r.SkyAtmosphere.MultiScatteringLUT.SampleCount:15.0]]
[2021.03.26-13.22.48:064][  0]LogConfig: Applying CVar settings from Section [FoliageQuality@3] File [D:/roxxa/Documents/Unreal_Projects/Star_Wars_RP/Saved/Config/Windows/Scalability.ini]
[2021.03.26-13.22.48:064][  0]LogConfig: Setting CVar [[foliage.DensityScale:1.0]]
[2021.03.26-13.22.48:064][  0]LogConfig: Setting CVar [[grass.DensityScale:1.0]]
[2021.03.26-13.22.48:064][  0]LogConfig: Applying CVar settings from Section [ShadingQuality@3] File [D:/roxxa/Documents/Unreal_Projects/Star_Wars_RP/Saved/Config/Windows/Scalability.ini]
[2021.03.26-13.22.48:064][  0]LogConfig: Setting CVar [[r.HairStrands.SkyLighting.SampleCount:16]]
[2021.03.26-13.22.48:065][  0]LogConfig: Setting CVar [[r.HairStrands.SkyLighting.JitterIntegration:0]]
[2021.03.26-13.22.48:065][  0]LogConfig: Setting CVar [[r.HairStrands.SkyAO.SampleCount:16]]
[2021.03.26-13.22.48:065][  0]LogConfig: Setting CVar [[r.HairStrands.DeepShadow.SuperSampling:0]]
[2021.03.26-13.22.48:065][  0]LogConfig: Setting CVar [[r.HairStrands.VisibilityPPLL:0]]
[2021.03.26-13.22.48:065][  0]LogConfig: Setting CVar [[r.HairStrands.RasterizationScale:0.5]]
[2021.03.26-13.22.48:065][  0]LogConfig: Setting CVar [[r.HairStrands.VelocityRasterizationScale:1]]
[2021.03.26-13.22.48:065][  0]LogInit: Selected Device Profile: [Windows]
[2021.03.26-13.22.48:065][  0]LogInit: Applying CVar settings loaded from the selected device profile: [Windows]
[2021.03.26-13.22.48:065][  0]LogHAL: Display: Platform has ~ 16 GB [17128275968 / 17179869184 / 16], which maps to Larger [LargestMinGB=32, LargerMinGB=12, DefaultMinGB=8, SmallerMinGB=6, SmallestMinGB=0)
[2021.03.26-13.22.48:065][  0]LogInit: Going up to parent DeviceProfile []
[2021.03.26-13.22.48:065][  0]LogConfig: Applying CVar settings from Section [ViewDistanceQuality@3] File [D:/roxxa/Documents/Unreal_Projects/Star_Wars_RP/Saved/Config/Windows/Scalability.ini]
[2021.03.26-13.22.48:065][  0]LogConfig: Setting CVar [[r.SkeletalMeshLODBias:0]]
[2021.03.26-13.22.48:065][  0]LogConfig: Setting CVar [[r.ViewDistanceScale:1.0]]
[2021.03.26-13.22.48:065][  0]LogConfig: Applying CVar settings from Section [AntiAliasingQuality@3] File [D:/roxxa/Documents/Unreal_Projects/Star_Wars_RP/Saved/Config/Windows/Scalability.ini]
[2021.03.26-13.22.48:065][  0]LogConfig: Setting CVar [[r.PostProcessAAQuality:4]]
[2021.03.26-13.22.48:065][  0]LogConfig: Applying CVar settings from Section [ShadowQuality@3] File [D:/roxxa/Documents/Unreal_Projects/Star_Wars_RP/Saved/Config/Windows/Scalability.ini]
[2021.03.26-13.22.48:065][  0]LogConfig: Setting CVar [[r.LightFunctionQuality:1]]
[2021.03.26-13.22.48:065][  0]LogConfig: Setting CVar [[r.ShadowQuality:5]]
[2021.03.26-13.22.48:065][  0]LogConfig: Setting CVar [[r.Shadow.CSM.MaxCascades:10]]
[2021.03.26-13.22.48:065][  0]LogConfig: Setting CVar [[r.Shadow.MaxResolution:2048]]
[2021.03.26-13.22.48:065][  0]LogConfig: Setting CVar [[r.Shadow.MaxCSMResolution:2048]]
[2021.03.26-13.22.48:065][  0]LogConfig: Setting CVar [[r.Shadow.RadiusThreshold:0.01]]
[2021.03.26-13.22.48:065][  0]LogConfig: Setting CVar [[r.Shadow.DistanceScale:1.0]]
[2021.03.26-13.22.48:065][  0]LogConfig: Setting CVar [[r.Shadow.CSM.TransitionScale:1.0]]
[2021.03.26-13.22.48:065][  0]LogConfig: Setting CVar [[r.Shadow.PreShadowResolutionFactor:1.0]]
[2021.03.26-13.22.48:065][  0]LogConfig: Setting CVar [[r.DistanceFieldShadowing:1]]
[2021.03.26-13.22.48:065][  0]LogConfig: Setting CVar [[r.DistanceFieldAO:1]]
[2021.03.26-13.22.48:065][  0]LogConfig: Setting CVar [[r.AOQuality:2]]
[2021.03.26-13.22.48:065][  0]LogConfig: Setting CVar [[r.VolumetricFog:1]]
[2021.03.26-13.22.48:065][  0]LogConfig: Setting CVar [[r.VolumetricFog.GridPixelSize:8]]
[2021.03.26-13.22.48:065][  0]LogConfig: Setting CVar [[r.VolumetricFog.GridSizeZ:128]]
[2021.03.26-13.22.48:065][  0]LogConfig: Setting CVar [[r.VolumetricFog.HistoryMissSupersampleCount:4]]
[2021.03.26-13.22.48:065][  0]LogConfig: Setting CVar [[r.LightMaxDrawDistanceScale:1]]
[2021.03.26-13.22.48:065][  0]LogConfig: Setting CVar [[r.CapsuleShadows:1]]
[2021.03.26-13.22.48:065][  0]LogConfig: Applying CVar settings from Section [PostProcessQuality@3] File [D:/roxxa/Documents/Unreal_Projects/Star_Wars_RP/Saved/Config/Windows/Scalability.ini]
[2021.03.26-13.22.48:065][  0]LogConfig: Setting CVar [[r.MotionBlurQuality:4]]
[2021.03.26-13.22.48:065][  0]LogConfig: Setting CVar [[r.AmbientOcclusionMipLevelFactor:0.4]]
[2021.03.26-13.22.48:065][  0]LogConfig: Setting CVar [[r.AmbientOcclusionMaxQuality:100]]
[2021.03.26-13.22.48:065][  0]LogConfig: Setting CVar [[r.AmbientOcclusionLevels:-1]]
[2021.03.26-13.22.48:065][  0]LogConfig: Setting CVar [[r.AmbientOcclusionRadiusScale:1.0]]
[2021.03.26-13.22.48:065][  0]LogConfig: Setting CVar [[r.DepthOfFieldQuality:2]]
[2021.03.26-13.22.48:065][  0]LogConfig: Setting CVar [[r.RenderTargetPoolMin:400]]
[2021.03.26-13.22.48:065][  0]LogConfig: Setting CVar [[r.LensFlareQuality:2]]
[2021.03.26-13.22.48:065][  0]LogConfig: Setting CVar [[r.SceneColorFringeQuality:1]]
[2021.03.26-13.22.48:065][  0]LogConfig: Setting CVar [[r.EyeAdaptationQuality:2]]
[2021.03.26-13.22.48:065][  0]LogConfig: Setting CVar [[r.BloomQuality:5]]
[2021.03.26-13.22.48:065][  0]LogConfig: Setting CVar [[r.FastBlurThreshold:100]]
[2021.03.26-13.22.48:065][  0]LogConfig: Setting CVar [[r.Upscale.Quality:3]]
[2021.03.26-13.22.48:065][  0]LogConfig: Setting CVar [[r.Tonemapper.GrainQuantization:1]]
[2021.03.26-13.22.48:065][  0]LogConfig: Setting CVar [[r.LightShaftQuality:1]]
[2021.03.26-13.22.48:066][  0]LogConfig: Setting CVar [[r.Filter.SizeScale:1]]
[2021.03.26-13.22.48:066][  0]LogConfig: Setting CVar [[r.Tonemapper.Quality:5]]
[2021.03.26-13.22.48:066][  0]LogConfig: Setting CVar [[r.DOF.Gather.AccumulatorQuality:1        ; higher gathering accumulator quality]]
[2021.03.26-13.22.48:066][  0]LogConfig: Setting CVar [[r.DOF.Gather.PostfilterMethod:1          ; Median3x3 postfilering method]]
[2021.03.26-13.22.48:066][  0]LogConfig: Setting CVar [[r.DOF.Gather.EnableBokehSettings:0       ; no bokeh simulation when gathering]]
[2021.03.26-13.22.48:066][  0]LogConfig: Setting CVar [[r.DOF.Gather.RingCount:4                 ; medium number of samples when gathering]]
[2021.03.26-13.22.48:066][  0]LogConfig: Setting CVar [[r.DOF.Scatter.ForegroundCompositing:1    ; additive foreground scattering]]
[2021.03.26-13.22.48:066][  0]LogConfig: Setting CVar [[r.DOF.Scatter.BackgroundCompositing:2    ; additive background scattering]]
[2021.03.26-13.22.48:066][  0]LogConfig: Setting CVar [[r.DOF.Scatter.EnableBokehSettings:1      ; bokeh simulation when scattering]]
[2021.03.26-13.22.48:066][  0]LogConfig: Setting CVar [[r.DOF.Scatter.MaxSpriteRatio:0.1         ; only a maximum of 10% of scattered bokeh]]
[2021.03.26-13.22.48:066][  0]LogConfig: Setting CVar [[r.DOF.Recombine.Quality:1                ; cheap slight out of focus]]
[2021.03.26-13.22.48:066][  0]LogConfig: Setting CVar [[r.DOF.Recombine.EnableBokehSettings:0    ; no bokeh simulation on slight out of focus]]
[2021.03.26-13.22.48:066][  0]LogConfig: Setting CVar [[r.DOF.TemporalAAQuality:1                ; more stable temporal accumulation]]
[2021.03.26-13.22.48:066][  0]LogConfig: Setting CVar [[r.DOF.Kernel.MaxForegroundRadius:0.025]]
[2021.03.26-13.22.48:066][  0]LogConfig: Setting CVar [[r.DOF.Kernel.MaxBackgroundRadius:0.025]]
[2021.03.26-13.22.48:066][  0]LogConfig: Applying CVar settings from Section [TextureQuality@3] File [D:/roxxa/Documents/Unreal_Projects/Star_Wars_RP/Saved/Config/Windows/Scalability.ini]
[2021.03.26-13.22.48:066][  0]LogConfig: Setting CVar [[r.Streaming.MipBias:0]]
[2021.03.26-13.22.48:066][  0]LogConfig: Setting CVar [[r.Streaming.AmortizeCPUToGPUCopy:0]]
[2021.03.26-13.22.48:066][  0]LogConfig: Setting CVar [[r.Streaming.MaxNumTexturesToStreamPerFrame:0]]
[2021.03.26-13.22.48:066][  0]LogConfig: Setting CVar [[r.Streaming.Boost:1]]
[2021.03.26-13.22.48:066][  0]LogConfig: Setting CVar [[r.MaxAnisotropy:8]]
[2021.03.26-13.22.48:066][  0]LogConfig: Setting CVar [[r.VT.MaxAnisotropy:8]]
[2021.03.26-13.22.48:066][  0]LogConfig: Setting CVar [[r.Streaming.LimitPoolSizeToVRAM:0]]
[2021.03.26-13.22.48:066][  0]LogConfig: Setting CVar [[r.Streaming.PoolSize:1000]]
[2021.03.26-13.22.48:066][  0]LogConfig: Setting CVar [[r.Streaming.MaxEffectiveScreenSize:0]]
[2021.03.26-13.22.48:066][  0]LogConfig: Applying CVar settings from Section [EffectsQuality@3] File [D:/roxxa/Documents/Unreal_Projects/Star_Wars_RP/Saved/Config/Windows/Scalability.ini]
[2021.03.26-13.22.48:066][  0]LogConfig: Setting CVar [[r.TranslucencyLightingVolumeDim:64]]
[2021.03.26-13.22.48:066][  0]LogConfig: Setting CVar [[r.RefractionQuality:2]]
[2021.03.26-13.22.48:066][  0]LogConfig: Setting CVar [[r.SSR.Quality:3]]
[2021.03.26-13.22.48:066][  0]LogConfig: Setting CVar [[r.SSR.HalfResSceneColor:0]]
[2021.03.26-13.22.48:066][  0]LogConfig: Setting CVar [[r.SceneColorFormat:4]]
[2021.03.26-13.22.48:066][  0]LogConfig: Setting CVar [[r.DetailMode:2]]
[2021.03.26-13.22.48:066][  0]LogConfig: Setting CVar [[r.TranslucencyVolumeBlur:1]]
[2021.03.26-13.22.48:066][  0]LogConfig: Setting CVar [[r.MaterialQualityLevel:1 ; High quality]]
[2021.03.26-13.22.48:066][  0]LogConfig: Setting CVar [[r.SSS.Scale:1]]
[2021.03.26-13.22.48:066][  0]LogConfig: Setting CVar [[r.SSS.SampleSet:2]]
[2021.03.26-13.22.48:066][  0]LogConfig: Setting CVar [[r.SSS.Quality:1]]
[2021.03.26-13.22.48:066][  0]LogConfig: Setting CVar [[r.SSS.HalfRes:0]]
[2021.03.26-13.22.48:066][  0]LogConfig: Setting CVar [[r.SSGI.Quality:3]]
[2021.03.26-13.22.48:066][  0]LogConfig: Setting CVar [[r.EmitterSpawnRateScale:1.0]]
[2021.03.26-13.22.48:066][  0]LogConfig: Setting CVar [[r.ParticleLightQuality:2]]
[2021.03.26-13.22.48:066][  0]LogConfig: Setting CVar [[r.SkyAtmosphere.AerialPerspectiveLUT.FastApplyOnOpaque:1 ; Always have FastSkyLUT 1 in this case to avoid wrong sky]]
[2021.03.26-13.22.48:066][  0]LogConfig: Setting CVar [[r.SkyAtmosphere.AerialPerspectiveLUT.SampleCountPerSlice:1]]
[2021.03.26-13.22.48:066][  0]LogConfig: Setting CVar [[r.SkyAtmosphere.AerialPerspectiveLUT.DepthResolution:16.0]]
[2021.03.26-13.22.48:066][  0]LogConfig: Setting CVar [[r.SkyAtmosphere.FastSkyLUT:1]]
[2021.03.26-13.22.48:066][  0]LogConfig: Setting CVar [[r.SkyAtmosphere.FastSkyLUT.SampleCountMin:4.0]]
[2021.03.26-13.22.48:066][  0]LogConfig: Setting CVar [[r.SkyAtmosphere.FastSkyLUT.SampleCountMax:32.0]]
[2021.03.26-13.22.48:066][  0]LogConfig: Setting CVar [[r.SkyAtmosphere.SampleCountMin:4.0]]
[2021.03.26-13.22.48:066][  0]LogConfig: Setting CVar [[r.SkyAtmosphere.SampleCountMax:32.0]]
[2021.03.26-13.22.48:066][  0]LogConfig: Setting CVar [[r.SkyAtmosphere.TransmittanceLUT.UseSmallFormat:0]]
[2021.03.26-13.22.48:066][  0]LogConfig: Setting CVar [[r.SkyAtmosphere.TransmittanceLUT.SampleCount:10.0]]
[2021.03.26-13.22.48:066][  0]LogConfig: Setting CVar [[r.SkyAtmosphere.MultiScatteringLUT.SampleCount:15.0]]
[2021.03.26-13.22.48:066][  0]LogConfig: Applying CVar settings from Section [FoliageQuality@3] File [D:/roxxa/Documents/Unreal_Projects/Star_Wars_RP/Saved/Config/Windows/Scalability.ini]
[2021.03.26-13.22.48:066][  0]LogConfig: Setting CVar [[foliage.DensityScale:1.0]]
[2021.03.26-13.22.48:066][  0]LogConfig: Setting CVar [[grass.DensityScale:1.0]]
[2021.03.26-13.22.48:066][  0]LogConfig: Applying CVar settings from Section [ShadingQuality@3] File [D:/roxxa/Documents/Unreal_Projects/Star_Wars_RP/Saved/Config/Windows/Scalability.ini]
[2021.03.26-13.22.48:066][  0]LogConfig: Setting CVar [[r.HairStrands.SkyLighting.SampleCount:16]]
[2021.03.26-13.22.48:066][  0]LogConfig: Setting CVar [[r.HairStrands.SkyLighting.JitterIntegration:0]]
[2021.03.26-13.22.48:066][  0]LogConfig: Setting CVar [[r.HairStrands.SkyAO.SampleCount:16]]
[2021.03.26-13.22.48:066][  0]LogConfig: Setting CVar [[r.HairStrands.DeepShadow.SuperSampling:0]]
[2021.03.26-13.22.48:067][  0]LogConfig: Setting CVar [[r.HairStrands.VisibilityPPLL:0]]
[2021.03.26-13.22.48:067][  0]LogConfig: Setting CVar [[r.HairStrands.RasterizationScale:0.5]]
[2021.03.26-13.22.48:067][  0]LogConfig: Setting CVar [[r.HairStrands.VelocityRasterizationScale:1]]
[2021.03.26-13.22.48:067][  0]LogConfig: Applying CVar settings from Section [Startup] File [../../../Engine/Config/ConsoleVariables.ini]
[2021.03.26-13.22.48:067][  0]LogConfig: Setting CVar [[net.UseAdaptiveNetUpdateFrequency:0]]
[2021.03.26-13.22.48:067][  0]LogConfig: Setting CVar [[p.chaos.AllowCreatePhysxBodies:1]]
[2021.03.26-13.22.48:067][  0]LogConfig: Setting CVar [[fx.SkipVectorVMBackendOptimizations:1]]
[2021.03.26-13.22.48:067][  0]LogConfig: Applying CVar settings from Section [ConsoleVariables] File [D:/roxxa/Documents/Unreal_Projects/Star_Wars_RP/Saved/Config/Windows/Engine.ini]
[2021.03.26-13.22.48:067][  0]LogInit: Computer: DESKTOP-26NILRT
[2021.03.26-13.22.48:067][  0]LogInit: User: roxxa
[2021.03.26-13.22.48:067][  0]LogInit: CPU Page size=4096, Cores=8
[2021.03.26-13.22.48:067][  0]LogInit: High frequency timer resolution =10.000000 MHz
[2021.03.26-13.22.48:067][  0]LogMemory: Memory total: Physical=16.0GB (16GB approx)
[2021.03.26-13.22.48:067][  0]LogMemory: Platform Memory Stats for Windows
[2021.03.26-13.22.48:067][  0]LogMemory: Process Physical Memory: 117.06 MB used, 117.06 MB peak
[2021.03.26-13.22.48:067][  0]LogMemory: Process Virtual Memory: 98.98 MB used, 98.98 MB peak
[2021.03.26-13.22.48:067][  0]LogMemory: Physical Memory: 7969.09 MB used,  8365.71 MB free, 16334.80 MB total
[2021.03.26-13.22.48:067][  0]LogMemory: Virtual Memory: 5191.43 MB used,  134212536.00 MB free, 134217728.00 MB total
[2021.03.26-13.22.48:076][  0]LogWindows: WindowsPlatformFeatures enabled
[2021.03.26-13.22.48:153][  0]LogInit: Physics initialised using underlying interface: PhysX
[2021.03.26-13.22.48:154][  0]LogInit: Using OS detected language (fr-FR).
[2021.03.26-13.22.48:154][  0]LogInit: Using OS detected locale (fr-FR).
[2021.03.26-13.22.48:158][  0]LogTextLocalizationManager: No specific localization for 'fr-FR' exists, so the 'fr' localization will be used.
[2021.03.26-13.22.48:159][  0]LogTextLocalizationResource: LocRes '../../../Engine/Content/Localization/Editor/fr/Editor.locres' could not be opened for reading!
[2021.03.26-13.22.48:159][  0]LogTextLocalizationResource: LocRes '../../../Engine/Content/Localization/EditorTutorials/fr/EditorTutorials.locres' could not be opened for reading!
[2021.03.26-13.22.48:159][  0]LogTextLocalizationResource: LocRes '../../../Engine/Content/Localization/Keywords/fr/Keywords.locres' could not be opened for reading!
[2021.03.26-13.22.48:159][  0]LogTextLocalizationResource: LocRes '../../../Engine/Content/Localization/Category/fr/Category.locres' could not be opened for reading!
[2021.03.26-13.22.48:159][  0]LogTextLocalizationResource: LocRes '../../../Engine/Content/Localization/ToolTips/fr/ToolTips.locres' could not be opened for reading!
[2021.03.26-13.22.48:159][  0]LogTextLocalizationResource: LocRes '../../../Engine/Content/Localization/PropertyNames/fr/PropertyNames.locres' could not be opened for reading!
[2021.03.26-13.22.48:159][  0]LogTextLocalizationResource: LocRes '../../../Engine/Content/Localization/Engine/fr/Engine.locres' could not be opened for reading!
[2021.03.26-13.22.48:161][  0]LogInit: Setting process to per monitor DPI aware
[2021.03.26-13.22.48:201][  0]LogSlate: New Slate User Created.  User Index 0, Is Virtual User: 0
[2021.03.26-13.22.48:201][  0]LogSlate: Slate User Registered.  User Index 0, Is Virtual User: 0
[2021.03.26-13.22.48:566][  0]LogHMD: Failed to initialize OpenVR with code 110
[2021.03.26-13.22.48:567][  0]LogD3D11RHI: D3D11 min allowed feature level: 11_0
[2021.03.26-13.22.48:567][  0]LogD3D11RHI: D3D11 max allowed feature level: 11_0
[2021.03.26-13.22.48:567][  0]LogD3D11RHI: D3D11 adapters:
[2021.03.26-13.22.48:692][  0]LogD3D11RHI:    0. 'NVIDIA GeForce GTX 1060 6GB' (Feature Level 11_0)
[2021.03.26-13.22.48:692][  0]LogD3D11RHI:       6052/0/8167 MB DedicatedVideo/DedicatedSystem/SharedSystem, Outputs:2, VendorId:0x10de
[2021.03.26-13.22.48:695][  0]LogD3D11RHI:    1. 'Microsoft Basic Render Driver' (Feature Level 11_0)
[2021.03.26-13.22.48:695][  0]LogD3D11RHI:       0/0/8167 MB DedicatedVideo/DedicatedSystem/SharedSystem, Outputs:0, VendorId:0x1414
[2021.03.26-13.22.48:695][  0]LogD3D11RHI: Chosen D3D11 Adapter: 0
[2021.03.26-13.22.48:705][  0]LogD3D11RHI: Creating new Direct3DDevice
[2021.03.26-13.22.48:706][  0]LogD3D11RHI:     GPU DeviceId: 0x1c03 (for the marketing name, search the web for "GPU Device Id")
[2021.03.26-13.22.48:706][  0]LogWindows: EnumDisplayDevices:
[2021.03.26-13.22.48:706][  0]LogWindows:    0. 'NVIDIA GeForce GTX 1060 6GB' (P:1 D:1)
[2021.03.26-13.22.48:706][  0]LogWindows:    1. 'NVIDIA GeForce GTX 1060 6GB' (P:0 D:1)
[2021.03.26-13.22.48:707][  0]LogWindows:    2. 'NVIDIA GeForce GTX 1060 6GB' (P:0 D:0)
[2021.03.26-13.22.48:707][  0]LogWindows:    3. 'NVIDIA GeForce GTX 1060 6GB' (P:0 D:0)
[2021.03.26-13.22.48:707][  0]LogWindows: DebugString: FoundDriverCount:4 
[2021.03.26-13.22.48:707][  0]LogD3D11RHI:     Adapter Name: NVIDIA GeForce GTX 1060 6GB
[2021.03.26-13.22.48:707][  0]LogD3D11RHI:   Driver Version: 461.09 (internal:27.21.14.6109, unified:461.09)
[2021.03.26-13.22.48:707][  0]LogD3D11RHI:      Driver Date: 12-31-2020
[2021.03.26-13.22.48:707][  0]LogRHI: Texture pool is 4236 MB (70% of 6052 MB)
[2021.03.26-13.22.48:796][  0]LogD3D11RHI: RHI has support for 64 bit atomics
[2021.03.26-13.22.48:796][  0]LogD3D11RHI: Async texture creation enabled
[2021.03.26-13.22.48:796][  0]LogD3D11RHI: Array index from any shader is supported
[2021.03.26-13.22.48:817][  0]LogD3D11RHI: GPU Timing Frequency: 1000.000000 (Debug: 2 1)
[2021.03.26-13.22.49:201][  0]LogTargetPlatformManager: Display: Loaded TargetPlatform 'AllDesktop'
[2021.03.26-13.22.49:226][  0]LogTargetPlatformManager: Display: Loaded TargetPlatform 'Android'
[2021.03.26-13.22.49:226][  0]LogTargetPlatformManager: Display: Loaded TargetPlatform 'Android_ASTC'
[2021.03.26-13.22.49:226][  0]LogTargetPlatformManager: Display: Loaded TargetPlatform 'Android_DXT'
[2021.03.26-13.22.49:226][  0]LogTargetPlatformManager: Display: Loaded TargetPlatform 'Android_ETC2'
[2021.03.26-13.22.49:226][  0]LogTargetPlatformManager: Display: Loaded TargetPlatform 'AndroidClient'
[2021.03.26-13.22.49:226][  0]LogTargetPlatformManager: Display: Loaded TargetPlatform 'Android_ASTCClient'
[2021.03.26-13.22.49:226][  0]LogTargetPlatformManager: Display: Loaded TargetPlatform 'Android_DXTClient'
[2021.03.26-13.22.49:226][  0]LogTargetPlatformManager: Display: Loaded TargetPlatform 'Android_ETC2Client'
[2021.03.26-13.22.49:226][  0]LogTargetPlatformManager: Display: Loaded TargetPlatform 'Android_Multi'
[2021.03.26-13.22.49:226][  0]LogTargetPlatformManager: Display: Loaded TargetPlatform 'Android_MultiClient'
[2021.03.26-13.22.49:256][  0]LogTargetPlatformManager: Display: Loaded TargetPlatform 'IOSClient'
[2021.03.26-13.22.49:256][  0]LogTargetPlatformManager: Display: Loaded TargetPlatform 'IOS'
[2021.03.26-13.22.49:269][  0]LogTargetPlatformManager: Display: Loaded TargetPlatform 'Linux'
[2021.03.26-13.22.49:281][  0]LogTargetPlatformManager: Display: Loaded TargetPlatform 'LinuxNoEditor'
[2021.03.26-13.22.49:297][  0]LogTargetPlatformManager: Display: Loaded TargetPlatform 'LinuxClient'
[2021.03.26-13.22.49:310][  0]LogTargetPlatformManager: Display: Loaded TargetPlatform 'LinuxServer'
[2021.03.26-13.22.49:322][  0]LogTargetPlatformManager: Display: Loaded TargetPlatform 'LinuxAArch64NoEditor'
[2021.03.26-13.22.49:335][  0]LogTargetPlatformManager: Display: Loaded TargetPlatform 'LinuxAArch64Client'
[2021.03.26-13.22.49:348][  0]LogTargetPlatformManager: Display: Loaded TargetPlatform 'LinuxAArch64Server'
[2021.03.26-13.22.49:386][  0]LogTargetPlatformManager: Display: Loaded TargetPlatform 'Lumin'
[2021.03.26-13.22.49:386][  0]LogTargetPlatformManager: Display: Loaded TargetPlatform 'LuminClient'
[2021.03.26-13.22.49:412][  0]LogTargetPlatformManager: Display: Loaded TargetPlatform 'TVOSClient'
[2021.03.26-13.22.49:412][  0]LogTargetPlatformManager: Display: Loaded TargetPlatform 'TVOS'
[2021.03.26-13.22.49:425][  0]LogTargetPlatformManager: Display: Loaded TargetPlatform 'WindowsNoEditor'
[2021.03.26-13.22.49:437][  0]LogTargetPlatformManager: Display: Loaded TargetPlatform 'Windows'
[2021.03.26-13.22.49:449][  0]LogTargetPlatformManager: Display: Loaded TargetPlatform 'WindowsClient'
[2021.03.26-13.22.49:463][  0]LogTargetPlatformManager: Display: Loaded TargetPlatform 'WindowsServer'
[2021.03.26-13.22.49:463][  0]LogTargetPlatformManager: Display: Building Assets For Windows
[2021.03.26-13.22.49:479][  0]LogAudioDebug: Display: Lib vorbis DLL was dynamically loaded.
[2021.03.26-13.22.49:562][  0]LogShaderCompilers: Guid format shader working directory is -17 characters bigger than the processId version (../../../../../../roxxa/Documents/Unreal_Projects/Star_Wars_RP/Intermediate/Shaders/WorkingDirectory/14608/).
[2021.03.26-13.22.49:562][  0]LogShaderCompilers: Cleaned the shader compiler working directory 'C:/Users/roxxa/AppData/Local/Temp/UnrealShaderWorkingDir/89EDA6864A6CFC5CAFEF02AB0C772FE3/'.
[2021.03.26-13.22.49:563][  0]LogXGEController: Cannot use XGE Controller as Incredibuild is not installed on this machine.
[2021.03.26-13.22.49:563][  0]LogShaderCompilers: Cannot use XGE Shader Compiler as Incredibuild is not installed on this machine.
[2021.03.26-13.22.49:563][  0]LogShaderCompilers: Display: Using Local Shader Compiler.
[2021.03.26-13.22.50:433][  0]LogDerivedDataCache: Display: Max Cache Size: 512 MB
[2021.03.26-13.22.50:490][  0]LogDerivedDataCache: Loaded boot cache 0.06s 75MB C:/Users/roxxa/AppData/Local/UnrealEngine/4.25/DerivedDataCache/Boot.ddc.
[2021.03.26-13.22.50:490][  0]LogDerivedDataCache: Display: Loaded Boot cache: C:/Users/roxxa/AppData/Local/UnrealEngine/4.25/DerivedDataCache/Boot.ddc
[2021.03.26-13.22.50:490][  0]LogDerivedDataCache: FDerivedDataBackendGraph:  Pak pak cache file ../../../../../../roxxa/Documents/Unreal_Projects/Star_Wars_RP/DerivedDataCache/DDC.ddp not found, will not use a pak cache.
[2021.03.26-13.22.50:490][  0]LogDerivedDataCache: Unable to find inner node Pak for hierarchical cache Hierarchy.
[2021.03.26-13.22.50:490][  0]LogDerivedDataCache: FDerivedDataBackendGraph:  CompressedPak pak cache file ../../../../../../roxxa/Documents/Unreal_Projects/Star_Wars_RP/DerivedDataCache/Compressed.ddp not found, will not use a pak cache.
[2021.03.26-13.22.50:490][  0]LogDerivedDataCache: Unable to find inner node CompressedPak for hierarchical cache Hierarchy.
[2021.03.26-13.22.50:501][  0]LogDerivedDataCache: Display: Pak cache opened for reading ../../../Engine/DerivedDataCache/Compressed.ddp.
[2021.03.26-13.22.50:502][  0]LogDerivedDataCache: FDerivedDataBackendGraph:  EnterprisePak pak cache file ../../../Enterprise/DerivedDataCache/Compressed.ddp not found, will not use a pak cache.
[2021.03.26-13.22.50:502][  0]LogDerivedDataCache: Unable to find inner node EnterprisePak for hierarchical cache Hierarchy.
[2021.03.26-13.22.50:503][  0]LogDerivedDataCache: Using Local data cache path C:/Users/roxxa/AppData/Local/UnrealEngine/Common/DerivedDataCache: Writable
[2021.03.26-13.22.50:503][  0]LogDerivedDataCache: Shared data cache path not found in *engine.ini, will not use an Shared cache.
[2021.03.26-13.22.50:503][  0]LogDerivedDataCache: Unable to find inner node Shared for hierarchical cache Hierarchy.
[2021.03.26-13.22.50:554][  0]LogSlate: Using FreeType 2.10.0
[2021.03.26-13.22.50:555][  0]LogSlate: SlateFontServices - WITH_FREETYPE: 1, WITH_HARFBUZZ: 1
[2021.03.26-13.22.50:584][  0]LogAssetRegistry: FAssetRegistry took 0.0030 seconds to start up
[2021.03.26-13.22.50:844][  0]LogInit: Selected Device Profile: [Windows]
[2021.03.26-13.22.50:986][  0]LogMeshReduction: Using QuadricMeshReduction for automatic static mesh reduction
[2021.03.26-13.22.50:986][  0]LogMeshReduction: Using SimplygonMeshReduction for automatic skeletal mesh reduction
[2021.03.26-13.22.50:986][  0]LogMeshReduction: Using ProxyLODMeshReduction for automatic mesh merging
[2021.03.26-13.22.50:986][  0]LogMeshReduction: No distributed automatic mesh merging module available
[2021.03.26-13.22.50:986][  0]LogMeshMerging: No distributed automatic mesh merging module available
[2021.03.26-13.22.51:007][  0]LogNetVersion: Star_Wars_RP 1.0.0, NetCL: 13144385, EngineNetVer: 14, GameNetVer: 0 (Checksum: 999656592)
[2021.03.26-13.22.51:482][  0]LogAISub: UAISubsystem::UAISubsystem AISubsystem (00000233BA8A9880), frame # 0
[2021.03.26-13.22.51:482][  0]LogAISub: UAISubsystem::UAISubsystem AIPerceptionSystem (00000233BA7C7B00), frame # 0
[2021.03.26-13.22.51:484][  0]LogAISub: UAISubsystem::UAISubsystem EnvQueryManager (00000233BA81F000), frame # 0
[2021.03.26-13.22.51:551][  0]LogPackageLocalizationCache: Processed 22 localized package path(s) for 1 prioritized culture(s) in 0.055769 seconds
[2021.03.26-13.22.51:556][  0]LogUObjectArray: 15917 objects as part of root set at end of initial load.
[2021.03.26-13.22.51:556][  0]LogUObjectAllocator: 3965568 out of 0 bytes used by permanent object pool.
[2021.03.26-13.22.51:556][  0]LogUObjectArray: CloseDisregardForGC: 0/0 objects in disregard for GC pool
[2021.03.26-13.22.51:902][  0]LogPython: Using Python 2.7.14
[2021.03.26-13.22.52:785][  0]LogTcpMessaging: Initializing TcpMessaging bridge
[2021.03.26-13.22.52:791][  0]LogUdpMessaging: Initializing bridge on interface 0.0.0.0:0 to multicast group 230.0.0.1:6666.
[2021.03.26-13.22.52:851][  0]LogSteamShared: Display: Loading Steam SDK 1.47
[2021.03.26-13.22.52:852][  0]LogSteamShared: Steam SDK Loaded!
[2021.03.26-13.22.52:957][  0]SourceControl: Source control is disabled
[2021.03.26-13.22.52:957][  0]SourceControl: Source control is disabled
[2021.03.26-13.22.52:961][  0]SourceControl: Source control is disabled
[2021.03.26-13.22.52:965][  0]SourceControl: Source control is disabled
[2021.03.26-13.22.52:974][  0]SourceControl: Source control is disabled
[2021.03.26-13.22.52:992][  0]LogVSAccessor: Display: Unable to create Visual Studio setup instance: 80040154
[2021.03.26-13.22.52:993][  0]LogVSAccessor: Display: Unable to create Visual Studio setup instance: 80040154
[2021.03.26-13.22.53:376][  0]LogAndroidPermission: UAndroidPermissionCallbackProxy::GetInstance
[2021.03.26-13.22.53:415][  0]LogAudioCaptureCore: Display: No Audio Capture implementations found. Audio input will be silent.
[2021.03.26-13.22.53:415][  0]LogAudioCaptureCore: Display: No Audio Capture implementations found. Audio input will be silent.
[2021.03.26-13.22.53:505][  0]LogOcInput: OculusInput pre-init called
[2021.03.26-13.22.53:518][  0]LogWindows: Failed to load 'OVRPlugin.dll' (GetLastError=126)
[2021.03.26-13.22.53:518][  0]LogWindows: File 'OVRPlugin.dll' does not exist
[2021.03.26-13.22.54:300][  0]LogClass: Warning: ObjectProperty FKJModOwnershipStruct::ownershipComponent is not initialized properly
[2021.03.26-13.22.54:300][  0]LogClass: Warning: FKJModPlayerProxyMovementScope::ThirdPersonKeyboardRotator is not initialized properly
[2021.03.26-13.22.54:300][  0]LogClass: Warning: ObjectProperty FKJModNonPlayerCharacterableRow::SpawnMenuIconImage is not initialized properly
[2021.03.26-13.22.54:301][  0]LogClass: Display: 3 Uninitialized script stuct members found
[2021.03.26-13.22.54:301][  0]LogAutomationTest: Warning: ObjectProperty FKJModOwnershipStruct::ownershipComponent is not initialized properly
[2021.03.26-13.22.54:301][  0]LogAutomationTest: Warning: FKJModPlayerProxyMovementScope::ThirdPersonKeyboardRotator is not initialized properly
[2021.03.26-13.22.54:301][  0]LogAutomationTest: Warning: ObjectProperty FKJModNonPlayerCharacterableRow::SpawnMenuIconImage is not initialized properly
[2021.03.26-13.22.54:302][  0]LogEngine: Initializing Engine...
[2021.03.26-13.22.54:303][  0]LogHMD: Failed to initialize OpenVR with code 110
[2021.03.26-13.22.54:303][  0]LogMagicLeap: Warning: VR disabled because ZI is not enabled.  To enable, in the editor, Edit -> Project Settings -> Plugins -> Magic Leap Plugin -> Enable Zero Iteration
[2021.03.26-13.22.54:305][  0]LogStats: UGameplayTagsManager::InitializeManager -  0.000 s
[2021.03.26-13.22.54:427][  0]LogInit: Initializing FReadOnlyCVARCache
[2021.03.26-13.22.54:444][  0]LogAIModule: Creating AISystem for world Untitled
[2021.03.26-13.22.54:444][  0]LogAISub: UAISubsystem::UAISubsystem EnvQueryManager (00000233D1D40C00), frame # 0
[2021.03.26-13.22.54:444][  0]LogAISub: UAISubsystem::UAISubsystem AIPerceptionSystem (00000233D1D65E40), frame # 0
[2021.03.26-13.22.54:458][  0]LogAudioMixer: Display: Audio Mixer Platform Settings:
[2021.03.26-13.22.54:459][  0]LogAudioMixer: Display: 	Sample Rate:						  48000
[2021.03.26-13.22.54:459][  0]LogAudioMixer: Display: 	Callback Buffer Frame Size Requested: 1024
[2021.03.26-13.22.54:459][  0]LogAudioMixer: Display: 	Callback Buffer Frame Size To Use:	  1024
[2021.03.26-13.22.54:459][  0]LogAudioMixer: Display: 	Number of buffers to queue:			  2
[2021.03.26-13.22.54:459][  0]LogAudioMixer: Display: 	Max Channels (voices):				  32
[2021.03.26-13.22.54:459][  0]LogAudioMixer: Display: 	Number of Async Source Workers:		  0
[2021.03.26-13.22.54:459][  0]LogAudio: Display: AudioDevice MaxSources: 32
[2021.03.26-13.22.54:459][  0]LogAudio: Display: Using built-in audio occlusion.
[2021.03.26-13.22.54:459][  0]LogAudioMixer: Display: Initializing audio mixer.
[2021.03.26-13.22.54:492][  0]LogAudioMixer: Display: 0: FrontLeft
[2021.03.26-13.22.54:492][  0]LogAudioMixer: Display: 1: FrontRight
[2021.03.26-13.22.54:539][  0]LogAudioMixer: Display: Using Audio Device VoiceMeeter Input (VB-Audio VoiceMeeter VAIO)
[2021.03.26-13.22.54:542][  0]LogAudioMixer: Display: Initializing Sound Submixes...
[2021.03.26-13.22.54:546][  0]LogAudioMixer: Display: Creating Master Submix 'MasterSubmixDefault'
[2021.03.26-13.22.54:546][  0]LogAudioMixer: Display: Creating Master Submix 'MasterReverbSubmixDefault'
[2021.03.26-13.22.54:547][  0]LogAudioMixer: Display: Creating Master Submix 'MasterEQSubmixDefault'
[2021.03.26-13.22.54:548][  0]LogInit: FAudioDevice initialized.
[2021.03.26-13.22.54:549][  0]LogNetVersion: Set ProjectVersion to 1.0.0.0. Version Checksum will be recalculated on next use.
[2021.03.26-13.22.54:692][  0]LogDerivedDataCache: Saved boot cache 0.14s 75MB C:/Users/roxxa/AppData/Local/UnrealEngine/4.25/DerivedDataCache/Boot.ddc.
[2021.03.26-13.22.54:692][  0]LogInit: Texture streaming: Enabled
[2021.03.26-13.22.54:718][  0]LogEngineSessionManager: EngineSessionManager initialized
[2021.03.26-13.22.54:718][  0]LogEditorSessionSummary: Verbose: Initializing EditorSessionSummaryWriter for editor session tracking
[2021.03.26-13.22.54:722][  0]LogEditorSessionSummary: EditorSessionSummaryWriter initialized
[2021.03.26-13.22.54:775][  0]LogInit: Transaction tracking system initialized
[2021.03.26-13.22.54:810][  0]BlueprintLog: New page: Editor Load
[2021.03.26-13.22.54:923][  0]LocalizationService: Localization service is disabled
[2021.03.26-13.22.55:149][  0]LogCook: Display: Max memory allowance for cook 16384mb min free memory 0mb
[2021.03.26-13.22.55:149][  0]LogCook: Display: Mobile HDR setting 1
[2021.03.26-13.22.55:380][  0]LogFileCache: Scanning file cache for directory 'D:/roxxa/Documents/Unreal_Projects/Star_Wars_RP/Content/' took 0.01s
[2021.03.26-13.22.55:604][  0]SourceControl: Source control is disabled
[2021.03.26-13.22.55:604][  0]LogUnrealEdMisc: Loading editor; pre map load, took 11.099
[2021.03.26-13.22.55:604][  0]Cmd: MAP LOAD FILE="../../../../../../roxxa/Documents/Unreal_Projects/Star_Wars_RP/Content/ThirdPersonBP/Maps/ThirdPersonExampleMap.umap" TEMPLATE=0 SHOWPROGRESS=1 FEATURELEVEL=3
[2021.03.26-13.22.55:604][  0]LightingResults: New page: Lighting Build
[2021.03.26-13.22.55:606][  0]LogWorld: UWorld::CleanupWorld for Untitled, bSessionEnded=true, bCleanupResources=true
[2021.03.26-13.22.55:607][  0]LogSlate: InvalidateAllWidgets triggered.  All widgets were invalidated
[2021.03.26-13.22.55:607][  0]MapCheck: New page: Map Check
[2021.03.26-13.22.55:607][  0]LightingResults: New page: Lighting Build
[2021.03.26-13.22.55:621][  0]LogAISub: UAISubsystem::~UAISubsystem EnvQueryManager (00000233D1D40C00), frame # 0
[2021.03.26-13.22.55:621][  0]LogAISub: UAISubsystem::~UAISubsystem AIPerceptionSystem (00000233D1D65E40), frame # 0
[2021.03.26-13.22.55:622][  0]LogUObjectHash: Compacting FUObjectHashTables data took   0.79ms
[2021.03.26-13.22.55:888][  0]LogAIModule: Creating AISystem for world ThirdPersonExampleMap
[2021.03.26-13.22.55:888][  0]LogAISub: UAISubsystem::UAISubsystem EnvQueryManager (00000233B1E5FE00), frame # 0
[2021.03.26-13.22.55:888][  0]LogAISub: UAISubsystem::UAISubsystem AIPerceptionSystem (00000233B203A980), frame # 0
[2021.03.26-13.22.55:896][  0]LogScript: Warning: Accessed None trying to read property Directional light actor_0
	BP_Sky_Sphere_C /Game/ThirdPersonBP/Maps/ThirdPersonExampleMap.ThirdPersonExampleMap:PersistentLevel.SkySphereBlueprint
	Function /Engine/EngineSky/BP_Sky_Sphere.BP_Sky_Sphere_C:RefreshMaterial:0052
[2021.03.26-13.22.55:898][  0]LogEditorServer: Finished looking for orphan Actors (0.000 secs)
[2021.03.26-13.22.55:916][  0]LogUObjectHash: Compacting FUObjectHashTables data took   0.92ms
[2021.03.26-13.22.55:916][  0]Cmd: MAP CHECKDEP NOCLEARLOG
[2021.03.26-13.22.55:916][  0]MapCheck: Map check complete: 0 Error(s), 0 Warning(s), took 0,1ms to complete.
[2021.03.26-13.22.55:916][  0]LogFileHelpers: Loading map 'ThirdPersonExampleMap' took 0.313
[2021.03.26-13.22.55:919][  0]LogUnrealEdMisc: Total Editor Startup Time, took 11.415
[2021.03.26-13.22.56:076][  0]LogSlate: Updating window title bar state: overlay mode, drag disabled, window buttons hidden, title bar hidden
[2021.03.26-13.22.56:085][  0]LogSlate: Updating window title bar state: overlay mode, drag disabled, window buttons hidden, title bar hidden
[2021.03.26-13.22.56:092][  0]LogSlate: Updating window title bar state: overlay mode, drag disabled, window buttons hidden, title bar hidden
[2021.03.26-13.22.56:100][  0]LogSlate: Updating window title bar state: overlay mode, drag disabled, window buttons hidden, title bar hidden
[2021.03.26-13.22.56:109][  0]LogCollectionManager: Loaded 0 collections in 0.001282 seconds
[2021.03.26-13.22.56:128][  0]LogFileCache: Scanning file cache for directory 'D:/roxxa/Documents/Unreal_Projects/Star_Wars_RP/Saved/Collections/' took 0.00s
[2021.03.26-13.22.56:128][  0]LogFileCache: Scanning file cache for directory 'D:/roxxa/Documents/Unreal_Projects/Star_Wars_RP/Content/Developers/roxxa/Collections/' took 0.00s
[2021.03.26-13.22.56:128][  0]LogFileCache: Scanning file cache for directory 'D:/roxxa/Documents/Unreal_Projects/Star_Wars_RP/Content/Collections/' took 0.00s
[2021.03.26-13.22.56:128][  0]LogContentBrowser: Native class hierarchy populated in 0.0115 seconds. Added 3570 classes and 855 folders.
[2021.03.26-13.22.56:135][  0]LogContentBrowser: Native class hierarchy updated for 'WidgetCarousel' in 0.0004 seconds. Added 0 classes and 0 folders.
[2021.03.26-13.22.56:273][  0]LogContentBrowser: Native class hierarchy updated for 'AddContentDialog' in 0.0004 seconds. Added 0 classes and 0 folders.
[2021.03.26-13.22.56:278][  0]LogContentBrowser: Native class hierarchy updated for 'SceneOutliner' in 0.0004 seconds. Added 2 classes and 0 folders.
[2021.03.26-13.22.56:404][  0]LogSlate: Took 0.000472 seconds to synchronously load lazily loaded font '../../../Engine/Content/Slate/Fonts/Roboto-Regular.ttf' (155K)
[2021.03.26-13.22.56:406][  0]LogSlate: Took 0.000303 seconds to synchronously load lazily loaded font '../../../Engine/Content/Slate/Fonts/Roboto-Bold.ttf' (160K)
[2021.03.26-13.22.56:410][  0]LogSlate: Took 0.000359 seconds to synchronously load lazily loaded font '../../../Engine/Content/Editor/Slate/Fonts/FontAwesome.ttf' (139K)
[2021.03.26-13.22.56:478][  0]LogRenderer: Reallocating scene render targets to support 1616x808 Format 10 NumSamples 1 (Frame:1).
[2021.03.26-13.22.57:371][  0]LogContentBrowser: Native class hierarchy updated for 'HierarchicalLODOutliner' in 0.0005 seconds. Added 0 classes and 0 folders.
[2021.03.26-13.22.57:371][  0]LogLoad: (Engine Initialization) Total time: 12.87 seconds
[2021.03.26-13.22.57:372][  0]LogLoad: (Engine Initialization) Total Blueprint compile time: 0.00 seconds
[2021.03.26-13.22.57:409][  0]LogAssetRegistry: Asset discovery search completed in 6.8255 seconds
[2021.03.26-13.22.57:412][  0]LogCollectionManager: Fixed up redirectors for 0 collections in 0.000002 seconds (updated 0 objects)
[2021.03.26-13.22.57:413][  0]LogContentStreaming: Texture pool size now 1000 MB
[2021.03.26-13.23.32:566][136]LogSlate: Took 0.000303 seconds to synchronously load lazily loaded font '../../../Engine/Content/Slate/Fonts/Roboto-Light.ttf' (167K)
[2021.03.26-13.23.42:752][136]LogSlate: Window 'Pick Parent Class' being destroyed
[2021.03.26-13.23.50:946][ 71]LogSlate: Warning: Slate: Had to block on waiting for a draw buffer
[2021.03.26-13.23.56:681][ 71]LogSlate: Window 'Pick Parent Class' being destroyed
[2021.03.26-13.24.03:353][858]LogAssetEditorSubsystem: Opening Asset editor for Blueprint /Game/CustomContent/UGC2434120609/Blueprints/Gamemode/SWRP_Gamemode.SWRP_Gamemode
[2021.03.26-13.24.03:597][858]LogContentBrowser: Native class hierarchy updated for 'BlueprintGraph' in 0.0007 seconds. Added 125 classes and 0 folders.
[2021.03.26-13.24.04:729][858]LogRenderer: Reallocating scene render targets to support 1616x980 Format 10 NumSamples 1 (Frame:1).
[2021.03.26-13.24.06:477][985]LogSlate: Window 'SWRP_Gamemode' being destroyed
[2021.03.26-13.24.17:197][211]LogSlate: Took 0.000359 seconds to synchronously load lazily loaded font '../../../Engine/Content/Slate/Fonts/Roboto-BoldCondensed.ttf' (158K)
[2021.03.26-13.24.37:554][541]LogSlate: Took 0.000426 seconds to synchronously load lazily loaded font '../../../Engine/Content/Slate/Fonts/Roboto-Italic.ttf' (157K)
[2021.03.26-13.25.41:985][130]LogSlate: Took 0.000462 seconds to synchronously load lazily loaded font '../../../Engine/Content/Slate/Fonts/Roboto-BoldCondensedItalic.ttf' (160K)
[2021.03.26-13.25.47:273][725]BlueprintLog: New page: Compile SWRP_Gamemode
[2021.03.26-13.25.47:317][725]LogUObjectHash: Compacting FUObjectHashTables data took   2.76ms
[2021.03.26-13.25.47:355][725]LogSlate: Took 0.000382 seconds to synchronously load lazily loaded font '../../../Engine/Content/Slate/Fonts/DroidSansMono.ttf' (77K)
[2021.03.26-13.25.47:713][762]LogSavePackage: Moving '../../../../../../roxxa/Documents/Unreal_Projects/Star_Wars_RP/Saved/SWRP_Gamemode5F823F0C4BC23918797A969EAC8AC3BA.tmp' to '../../../../../../roxxa/Documents/Unreal_Projects/Star_Wars_RP/Content/CustomContent/UGC2434120609/Blueprints/Gamemode/SWRP_Gamemode.uasset'
[2021.03.26-13.25.47:738][762]AssetCheck: New page: Asset Save: SWRP_Gamemode
[2021.03.26-13.25.47:738][762]LogContentValidation: Display: Validating Blueprint /Game/CustomContent/UGC2434120609/Blueprints/Gamemode/SWRP_Gamemode.SWRP_Gamemode
[2021.03.26-13.26.34:645][318]BlueprintLog: New page: Compile SWRP_Gamemode
[2021.03.26-13.26.34:683][318]LogUObjectHash: Compacting FUObjectHashTables data took   2.94ms
[2021.03.26-13.26.35:054][353]LogSavePackage: Moving '../../../../../../roxxa/Documents/Unreal_Projects/Star_Wars_RP/Saved/SWRP_Gamemode75D520D34E13ECE8D178729351B0934F.tmp' to '../../../../../../roxxa/Documents/Unreal_Projects/Star_Wars_RP/Content/CustomContent/UGC2434120609/Blueprints/Gamemode/SWRP_Gamemode.uasset'
[2021.03.26-13.26.35:070][353]AssetCheck: New page: Asset Save: SWRP_Gamemode
[2021.03.26-13.26.35:070][353]LogContentValidation: Display: Validating Blueprint /Game/CustomContent/UGC2434120609/Blueprints/Gamemode/SWRP_Gamemode.SWRP_Gamemode
[2021.03.26-13.26.53:912][502]BlueprintLog: New page: Compile SWRP_Gamemode
[2021.03.26-13.26.53:949][502]LogUObjectHash: Compacting FUObjectHashTables data took   2.55ms
[2021.03.26-13.26.54:370][544]LogSavePackage: Moving '../../../../../../roxxa/Documents/Unreal_Projects/Star_Wars_RP/Saved/SWRP_Gamemode78547D744C4F3F865F8A958A73F1B30C.tmp' to '../../../../../../roxxa/Documents/Unreal_Projects/Star_Wars_RP/Content/CustomContent/UGC2434120609/Blueprints/Gamemode/SWRP_Gamemode.uasset'
[2021.03.26-13.26.54:384][544]AssetCheck: New page: Asset Save: SWRP_Gamemode
[2021.03.26-13.26.54:384][544]LogContentValidation: Display: Validating Blueprint /Game/CustomContent/UGC2434120609/Blueprints/Gamemode/SWRP_Gamemode.SWRP_Gamemode
[2021.03.26-13.29.10:276][772]LogSlate: Prevented a slow task dialog from being summoned while a context menu was open
[2021.03.26-13.30.50:400][353]BlueprintLog: New page: Compile SWRP_Gamemode
[2021.03.26-13.30.50:441][353]LogUObjectHash: Compacting FUObjectHashTables data took   2.69ms
[2021.03.26-13.30.50:821][387]LogSavePackage: Moving '../../../../../../roxxa/Documents/Unreal_Projects/Star_Wars_RP/Saved/SWRP_GamemodeA6A773004ED6B246E5B15DB69BE8E875.tmp' to '../../../../../../roxxa/Documents/Unreal_Projects/Star_Wars_RP/Content/CustomContent/UGC2434120609/Blueprints/Gamemode/SWRP_Gamemode.uasset'
[2021.03.26-13.30.50:841][387]AssetCheck: New page: Asset Save: SWRP_Gamemode
[2021.03.26-13.30.50:842][387]LogContentValidation: Display: Validating Blueprint /Game/CustomContent/UGC2434120609/Blueprints/Gamemode/SWRP_Gamemode.SWRP_Gamemode
[2021.03.26-13.31.15:800][828]LogSlate: Warning: Slate: Had to block on waiting for a draw buffer
[2021.03.26-13.31.19:432][828]LogSlate: Window 'Pick Parent Class' being destroyed
[2021.03.26-13.31.33:878][552]LogAssetEditorSubsystem: Opening Asset editor for Blueprint /Game/CustomContent/UGC2434120609/Blueprints/MacroLib.MacroLib
[2021.03.26-13.32.42:204][379]LogSavePackage: Moving '../../../../../../roxxa/Documents/Unreal_Projects/Star_Wars_RP/Saved/MacroLibA22A2D1047962764100DC2929372BA0E.tmp' to '../../../../../../roxxa/Documents/Unreal_Projects/Star_Wars_RP/Content/CustomContent/UGC2434120609/Blueprints/MacroLib.uasset'
[2021.03.26-13.32.42:229][379]AssetCheck: New page: Asset Save: MacroLib
[2021.03.26-13.32.42:229][379]LogContentValidation: Display: Validating Blueprint /Game/CustomContent/UGC2434120609/Blueprints/MacroLib.MacroLib
[2021.03.26-13.33.20:306][791]BlueprintLog: New page: Compile SWRP_Gamemode
[2021.03.26-13.33.20:349][791]LogUObjectHash: Compacting FUObjectHashTables data took   2.65ms
[2021.03.26-13.33.20:731][827]LogSavePackage: Moving '../../../../../../roxxa/Documents/Unreal_Projects/Star_Wars_RP/Saved/SWRP_Gamemode04856E684A440C23A10010AF58254824.tmp' to '../../../../../../roxxa/Documents/Unreal_Projects/Star_Wars_RP/Content/CustomContent/UGC2434120609/Blueprints/Gamemode/SWRP_Gamemode.uasset'
[2021.03.26-13.33.20:750][827]AssetCheck: New page: Asset Save: SWRP_Gamemode
[2021.03.26-13.33.20:750][827]LogContentValidation: Display: Validating Blueprint /Game/CustomContent/UGC2434120609/Blueprints/Gamemode/SWRP_Gamemode.SWRP_Gamemode
[2021.03.26-13.34.11:424][908]LogAssetEditorSubsystem: Opening Asset editor for UserDefinedStruct /Game/CustomContent/UGC2434120609/Blueprints/Gamemode/PlayerInformation.PlayerInformation
[2021.03.26-13.34.14:507][260]LogMetaData: Removing '/Game/CustomContent/UGC2434120609/Blueprints/Gamemode/PlayerInformations.PlayerInformations' ref from Metadata '/Game/CustomContent/UGC2434120609/Blueprints/Gamemode/PlayerInformation.PackageMetaData'
[2021.03.26-13.34.14:542][260]LogSavePackage: Moving '../../../../../../roxxa/Documents/Unreal_Projects/Star_Wars_RP/Saved/PlayerInformations47E4DBA842A3D3ED93244EB749D31F23.tmp' to '../../../../../../roxxa/Documents/Unreal_Projects/Star_Wars_RP/Content/CustomContent/UGC2434120609/Blueprints/Gamemode/PlayerInformations.uasset'
[2021.03.26-13.34.14:831][260]LogUObjectHash: Compacting FUObjectHashTables data took   2.54ms
[2021.03.26-13.34.14:865][260]LogUObjectHash: Compacting FUObjectHashTables data took   1.57ms
[2021.03.26-13.34.14:888][260]LogUObjectHash: Compacting FUObjectHashTables data took   0.52ms
[2021.03.26-13.34.14:935][260]AssetCheck: New page: Asset Save: PlayerInformations
[2021.03.26-13.34.14:935][260]LogContentValidation: Display: Validating UserDefinedStruct /Game/CustomContent/UGC2434120609/Blueprints/Gamemode/PlayerInformations.PlayerInformations
[2021.03.26-13.34.28:656][868]LogSavePackage: Moving '../../../../../../roxxa/Documents/Unreal_Projects/Star_Wars_RP/Saved/PlayerInformations0D2C2F544FFCEEDC555B3E8A9A4C7018.tmp' to '../../../../../../roxxa/Documents/Unreal_Projects/Star_Wars_RP/Content/CustomContent/UGC2434120609/Blueprints/Gamemode/PlayerInformations.uasset'
[2021.03.26-13.34.28:670][868]AssetCheck: New page: Asset Save: PlayerInformations
[2021.03.26-13.34.28:670][868]LogContentValidation: Display: Validating UserDefinedStruct /Game/CustomContent/UGC2434120609/Blueprints/Gamemode/PlayerInformations.PlayerInformations
[2021.03.26-13.34.34:760][573]LogSavePackage: Moving '../../../../../../roxxa/Documents/Unreal_Projects/Star_Wars_RP/Saved/PlayerInformationsBD30BD8F44B336B6723915B045F7200B.tmp' to '../../../../../../roxxa/Documents/Unreal_Projects/Star_Wars_RP/Content/CustomContent/UGC2434120609/Blueprints/Gamemode/PlayerInformations.uasset'
[2021.03.26-13.34.34:772][573]AssetCheck: New page: Asset Save: PlayerInformations
[2021.03.26-13.34.34:772][573]LogContentValidation: Display: Validating UserDefinedStruct /Game/CustomContent/UGC2434120609/Blueprints/Gamemode/PlayerInformations.PlayerInformations
[2021.03.26-13.35.05:198][ 46]LogProperty: Warning: ObjectProperty /Script/BlueprintGraph.K2Node_StructOperation:StructType: unresolved reference to 'UserDefinedStruct'"/Game/CustomContent/UGC2248027258/Blueprints/SavePlayerStruct.SavePlayerStruct"''
[2021.03.26-13.37.18:896][453]LogEditorTransaction: Undo Move Node
[2021.03.26-13.37.26:253][281]BlueprintLog: New page: Compile SWRP_Gamemode
[2021.03.26-13.37.26:301][281]LogUObjectHash: Compacting FUObjectHashTables data took   2.80ms
[2021.03.26-13.37.26:726][320]LogSavePackage: Moving '../../../../../../roxxa/Documents/Unreal_Projects/Star_Wars_RP/Saved/SWRP_Gamemode9CA957184C94946B3736B7A6D4305950.tmp' to '../../../../../../roxxa/Documents/Unreal_Projects/Star_Wars_RP/Content/CustomContent/UGC2434120609/Blueprints/Gamemode/SWRP_Gamemode.uasset'
[2021.03.26-13.37.26:741][320]AssetCheck: New page: Asset Save: SWRP_Gamemode
[2021.03.26-13.37.26:741][320]LogContentValidation: Display: Validating Blueprint /Game/CustomContent/UGC2434120609/Blueprints/Gamemode/SWRP_Gamemode.SWRP_Gamemode
[2021.03.26-13.37.28:648][537]LogWorld: UWorld::CleanupWorld for World_1, bSessionEnded=true, bCleanupResources=true
[2021.03.26-13.37.28:648][537]LogSlate: InvalidateAllWidgets triggered.  All widgets were invalidated
[2021.03.26-13.37.57:333][497]LogProperty: Warning: ObjectProperty /Script/Engine.MemberReference:MemberParent: unresolved reference to 'BlueprintGeneratedClass'"/Game/CustomContent/UGC2248027258/Blueprints/Player/VanillaRPPlayerBP.VanillaRPPlayerBP_C"',MemberName="PlayerMoney",MemberGuid=F9575872439AC530139521B4B006535B)'
[2021.03.26-13.37.57:335][497]LogProperty: Warning: WeakObjectProperty /Script/Engine.EdGraphPinType:PinSubCategoryObject: unresolved reference to 'UserDefinedStruct'"/Game/CustomContent/UGC2248027258/Blueprints/SavePlayerStruct.SavePlayerStruct"',ContainerType=Array)'
[2021.03.26-13.37.57:335][497]LogProperty: Warning: ObjectProperty /Script/BlueprintGraph.K2Node_StructOperation:StructType: unresolved reference to 'UserDefinedStruct'"/Game/CustomContent/UGC2248027258/Blueprints/SavePlayerStruct.SavePlayerStruct"''
[2021.03.26-13.37.57:336][497]LogProperty: Warning: WeakObjectProperty /Script/Engine.EdGraphPinType:PinSubCategoryObject: unresolved reference to 'BlueprintGeneratedClass'"/Game/CustomContent/UGC2248027258/Blueprints/Player/VanillaRPPlayerBP.VanillaRPPlayerBP_C"',ContainerType=Array)'
[2021.03.26-13.37.57:339][497]LogProperty: Warning: ObjectProperty /Script/Engine.MemberReference:MemberParent: unresolved reference to 'BlueprintGeneratedClass'"/Game/CustomContent/UGC2248027258/Blueprints/Player/VanillaRPPlayerBP.VanillaRPPlayerBP_C"',MemberName="PlayerMoney",MemberGuid=F9575872439AC530139521B4B006535B)'
[2021.03.26-13.37.57:340][497]LogProperty: Warning: WeakObjectProperty /Script/Engine.EdGraphPinType:PinSubCategoryObject: unresolved reference to 'BlueprintGeneratedClass'"/Game/CustomContent/UGC2248027258/Blueprints/Player/VanillaRPPlayerBP.VanillaRPPlayerBP_C"',ContainerType=Array)'
[2021.03.26-13.37.57:340][497]LogProperty: Warning: WeakObjectProperty /Script/Engine.EdGraphPinType:PinSubCategoryObject: unresolved reference to 'UserDefinedStruct'"/Game/CustomContent/UGC2248027258/Blueprints/SavePlayerStruct.SavePlayerStruct"',ContainerType=Array)'
[2021.03.26-13.37.57:342][497]LogProperty: Warning: WeakObjectProperty /Script/Engine.EdGraphPinType:PinSubCategoryObject: unresolved reference to 'UserDefinedStruct'"/Game/CustomContent/UGC2248027258/Blueprints/SavePlayerStruct.SavePlayerStruct"',ContainerType=Array)'
[2021.03.26-13.37.57:345][497]LogProperty: Warning: ObjectProperty /Script/BlueprintGraph.K2Node_StructOperation:StructType: unresolved reference to 'UserDefinedStruct'"/Game/CustomContent/UGC2248027258/Blueprints/SavePlayerStruct.SavePlayerStruct"''
[2021.03.26-13.37.57:346][497]LogProperty: Warning: ObjectProperty /Script/BlueprintGraph.K2Node_StructOperation:StructType: unresolved reference to 'UserDefinedStruct'"/Game/CustomContent/UGC2248027258/Blueprints/SavePlayerStruct.SavePlayerStruct"''
[2021.03.26-13.37.59:670][750]LogEditorTransaction: Undo Move Nodes
[2021.03.26-13.38.00:385][788]LogEditorTransaction: Undo Paste clipboard contents
[2021.03.26-13.38.02:620][ 48]LogProperty: Warning: ObjectProperty /Script/Engine.MemberReference:MemberParent: unresolved reference to 'BlueprintGeneratedClass'"/Game/CustomContent/UGC2248027258/Blueprints/Player/VanillaRPPlayerBP.VanillaRPPlayerBP_C"',MemberName="PlayerMoney",MemberGuid=F9575872439AC530139521B4B006535B)'
[2021.03.26-13.38.02:621][ 48]LogProperty: Warning: WeakObjectProperty /Script/Engine.EdGraphPinType:PinSubCategoryObject: unresolved reference to 'UserDefinedStruct'"/Game/CustomContent/UGC2248027258/Blueprints/SavePlayerStruct.SavePlayerStruct"',ContainerType=Array)'
[2021.03.26-13.38.02:622][ 48]LogProperty: Warning: ObjectProperty /Script/BlueprintGraph.K2Node_StructOperation:StructType: unresolved reference to 'UserDefinedStruct'"/Game/CustomContent/UGC2248027258/Blueprints/SavePlayerStruct.SavePlayerStruct"''
[2021.03.26-13.38.02:623][ 48]LogProperty: Warning: WeakObjectProperty /Script/Engine.EdGraphPinType:PinSubCategoryObject: unresolved reference to 'BlueprintGeneratedClass'"/Game/CustomContent/UGC2248027258/Blueprints/Player/VanillaRPPlayerBP.VanillaRPPlayerBP_C"',ContainerType=Array)'
[2021.03.26-13.38.02:626][ 48]LogProperty: Warning: ObjectProperty /Script/Engine.MemberReference:MemberParent: unresolved reference to 'BlueprintGeneratedClass'"/Game/CustomContent/UGC2248027258/Blueprints/Player/VanillaRPPlayerBP.VanillaRPPlayerBP_C"',MemberName="PlayerMoney",MemberGuid=F9575872439AC530139521B4B006535B)'
[2021.03.26-13.38.02:627][ 48]LogProperty: Warning: WeakObjectProperty /Script/Engine.EdGraphPinType:PinSubCategoryObject: unresolved reference to 'BlueprintGeneratedClass'"/Game/CustomContent/UGC2248027258/Blueprints/Player/VanillaRPPlayerBP.VanillaRPPlayerBP_C"',ContainerType=Array)'
[2021.03.26-13.38.02:628][ 48]LogProperty: Warning: WeakObjectProperty /Script/Engine.EdGraphPinType:PinSubCategoryObject: unresolved reference to 'UserDefinedStruct'"/Game/CustomContent/UGC2248027258/Blueprints/SavePlayerStruct.SavePlayerStruct"',ContainerType=Array)'
[2021.03.26-13.38.02:630][ 48]LogProperty: Warning: WeakObjectProperty /Script/Engine.EdGraphPinType:PinSubCategoryObject: unresolved reference to 'UserDefinedStruct'"/Game/CustomContent/UGC2248027258/Blueprints/SavePlayerStruct.SavePlayerStruct"',ContainerType=Array)'
[2021.03.26-13.38.02:632][ 48]LogProperty: Warning: ObjectProperty /Script/BlueprintGraph.K2Node_StructOperation:StructType: unresolved reference to 'UserDefinedStruct'"/Game/CustomContent/UGC2248027258/Blueprints/SavePlayerStruct.SavePlayerStruct"''
[2021.03.26-13.38.02:634][ 48]LogProperty: Warning: ObjectProperty /Script/BlueprintGraph.K2Node_StructOperation:StructType: unresolved reference to 'UserDefinedStruct'"/Game/CustomContent/UGC2248027258/Blueprints/SavePlayerStruct.SavePlayerStruct"''
[2021.03.26-13.40.05:933][303]LogAssetEditorSubsystem: Opening Asset editor for Blueprint /Game/CustomContent/UGC2434120609/Blueprints/Player/SWRP_Player.SWRP_Player
[2021.03.26-13.40.19:087][734]BlueprintLog: New page: Compile SWRP_Player
[2021.03.26-13.40.19:144][734]LogUObjectHash: Compacting FUObjectHashTables data took   3.03ms
[2021.03.26-13.40.19:516][771]LogSavePackage: Moving '../../../../../../roxxa/Documents/Unreal_Projects/Star_Wars_RP/Saved/SWRP_PlayerCA12B7BC4035EDB2B5711BBAEA9C3ABB.tmp' to '../../../../../../roxxa/Documents/Unreal_Projects/Star_Wars_RP/Content/CustomContent/UGC2434120609/Blueprints/Player/SWRP_Player.uasset'
[2021.03.26-13.40.19:530][771]AssetCheck: New page: Asset Save: SWRP_Player
[2021.03.26-13.40.19:530][771]LogContentValidation: Display: Validating Blueprint /Game/CustomContent/UGC2434120609/Blueprints/Player/SWRP_Player.SWRP_Player
[2021.03.26-13.40.19:942][816]LogWorld: UWorld::CleanupWorld for World_2, bSessionEnded=true, bCleanupResources=true
[2021.03.26-13.40.19:942][816]LogSlate: InvalidateAllWidgets triggered.  All widgets were invalidated
[2021.03.26-13.43.51:491][172]LogUObjectHash: Compacting FUObjectHashTables data took   2.90ms
[2021.03.26-13.43.51:493][172]LogFileHelpers: Editor autosave (incl. sublevels) for '/Game/ThirdPersonBP/Maps/ThirdPersonExampleMap' took 0.032
[2021.03.26-13.43.51:494][172]OBJ SavePackage: Generating thumbnails for [0] asset(s) in package [/Game/CustomContent/UGC2434120609/Blueprints/Gamemode/SWRP_Gamemode] ([1] browsable assets)...
[2021.03.26-13.43.51:494][172]OBJ SavePackage: Finished generating thumbnails for package [/Game/CustomContent/UGC2434120609/Blueprints/Gamemode/SWRP_Gamemode]
[2021.03.26-13.43.51:545][172]LogSavePackage: Moving '../../../../../../roxxa/Documents/Unreal_Projects/Star_Wars_RP/Saved/SWRP_Gamemode_Auto1F85F4BCF4B226D74C5A8B49B51BD28EF.tmp' to '../../../../../../roxxa/Documents/Unreal_Projects/Star_Wars_RP/Saved/Autosaves/Game/CustomContent/UGC2434120609/Blueprints/Gamemode/SWRP_Gamemode_Auto1.uasset'
[2021.03.26-13.43.51:548][172]LogFileHelpers: Auto-saving content packages took 0.055
[2021.03.26-13.45.10:071][548]LogSlate: Window 'Delete Variable' being destroyed
[2021.03.26-13.48.22:321][ 48]LogEditorTransaction: Undo Promote To Variable
[2021.03.26-13.49.14:282][220]LogSlate: Window 'Change Variable Type' being destroyed
[2021.03.26-13.49.18:791][599]LogSlate: Window 'Change Variable Type' being destroyed
[2021.03.26-13.53.34:667][463]BlueprintLog: New page: Compile SWRP_Gamemode
[2021.03.26-13.53.34:735][463]LogUObjectHash: Compacting FUObjectHashTables data took   2.91ms
[2021.03.26-13.53.35:206][503]LogSavePackage: Moving '../../../../../../roxxa/Documents/Unreal_Projects/Star_Wars_RP/Saved/SWRP_Gamemode1B5F0BD242572F05F2714AB9A8B204CB.tmp' to '../../../../../../roxxa/Documents/Unreal_Projects/Star_Wars_RP/Content/CustomContent/UGC2434120609/Blueprints/Gamemode/SWRP_Gamemode.uasset'
[2021.03.26-13.53.35:225][503]AssetCheck: New page: Asset Save: SWRP_Gamemode
[2021.03.26-13.53.35:225][503]LogContentValidation: Display: Validating Blueprint /Game/CustomContent/UGC2434120609/Blueprints/Gamemode/SWRP_Gamemode.SWRP_Gamemode
[2021.03.26-13.54.23:594][434]LogSavePackage: Moving '../../../../../../roxxa/Documents/Unreal_Projects/Star_Wars_RP/Saved/SWRP_Gamemode1B9750F144045087A33D538D82C2226E.tmp' to '../../../../../../roxxa/Documents/Unreal_Projects/Star_Wars_RP/Content/CustomContent/UGC2434120609/Blueprints/Gamemode/SWRP_Gamemode.uasset'
[2021.03.26-13.54.23:613][434]AssetCheck: New page: Asset Save: SWRP_Gamemode
[2021.03.26-13.54.23:613][434]LogContentValidation: Display: Validating Blueprint /Game/CustomContent/UGC2434120609/Blueprints/Gamemode/SWRP_Gamemode.SWRP_Gamemode
[2021.03.26-13.54.41:163][939]LogEditorTransaction: Undo Move Nodes
[2021.03.26-13.55.37:791][511]BlueprintLog: New page: Compile SWRP_Gamemode
[2021.03.26-13.55.37:854][511]LogUObjectHash: Compacting FUObjectHashTables data took   2.73ms
[2021.03.26-13.55.38:240][545]LogSavePackage: Moving '../../../../../../roxxa/Documents/Unreal_Projects/Star_Wars_RP/Saved/SWRP_GamemodeEEEB31B342867F1117EF8EA9B92D6720.tmp' to '../../../../../../roxxa/Documents/Unreal_Projects/Star_Wars_RP/Content/CustomContent/UGC2434120609/Blueprints/Gamemode/SWRP_Gamemode.uasset'
[2021.03.26-13.55.38:257][545]AssetCheck: New page: Asset Save: SWRP_Gamemode
[2021.03.26-13.55.38:257][545]LogContentValidation: Display: Validating Blueprint /Game/CustomContent/UGC2434120609/Blueprints/Gamemode/SWRP_Gamemode.SWRP_Gamemode
[2021.03.26-13.56.21:619][553]BlueprintLog: New page: Compile SWRP_Gamemode
[2021.03.26-13.56.21:684][553]LogUObjectHash: Compacting FUObjectHashTables data took   2.70ms
[2021.03.26-13.56.22:092][589]LogSavePackage: Moving '../../../../../../roxxa/Documents/Unreal_Projects/Star_Wars_RP/Saved/SWRP_Gamemode220C8BEA4D3C43FA2413EE8B1EBF74E8.tmp' to '../../../../../../roxxa/Documents/Unreal_Projects/Star_Wars_RP/Content/CustomContent/UGC2434120609/Blueprints/Gamemode/SWRP_Gamemode.uasset'
[2021.03.26-13.56.22:111][589]AssetCheck: New page: Asset Save: SWRP_Gamemode
[2021.03.26-13.56.22:111][589]LogContentValidation: Display: Validating Blueprint /Game/CustomContent/UGC2434120609/Blueprints/Gamemode/SWRP_Gamemode.SWRP_Gamemode
[2021.03.26-13.56.42:627][962]BlueprintLog: New page: Compile SWRP_Gamemode
[2021.03.26-13.56.42:686][962]LogUObjectHash: Compacting FUObjectHashTables data took   3.07ms
[2021.03.26-13.56.43:059][995]LogSavePackage: Moving '../../../../../../roxxa/Documents/Unreal_Projects/Star_Wars_RP/Saved/SWRP_GamemodeCC6DC8414AB9786035EC7981B108DC9E.tmp' to '../../../../../../roxxa/Documents/Unreal_Projects/Star_Wars_RP/Content/CustomContent/UGC2434120609/Blueprints/Gamemode/SWRP_Gamemode.uasset'
[2021.03.26-13.56.43:081][995]AssetCheck: New page: Asset Save: SWRP_Gamemode
[2021.03.26-13.56.43:081][995]LogContentValidation: Display: Validating Blueprint /Game/CustomContent/UGC2434120609/Blueprints/Gamemode/SWRP_Gamemode.SWRP_Gamemode
[2021.03.26-13.57.22:986][658]BlueprintLog: New page: Compile SWRP_Gamemode
[2021.03.26-13.57.23:049][658]LogUObjectHash: Compacting FUObjectHashTables data took   2.60ms
[2021.03.26-13.57.23:412][688]LogSavePackage: Moving '../../../../../../roxxa/Documents/Unreal_Projects/Star_Wars_RP/Saved/SWRP_Gamemode08F358F44811D138D6BA19A89A95FE03.tmp' to '../../../../../../roxxa/Documents/Unreal_Projects/Star_Wars_RP/Content/CustomContent/UGC2434120609/Blueprints/Gamemode/SWRP_Gamemode.uasset'
[2021.03.26-13.57.23:432][688]AssetCheck: New page: Asset Save: SWRP_Gamemode
[2021.03.26-13.57.23:432][688]LogContentValidation: Display: Validating Blueprint /Game/CustomContent/UGC2434120609/Blueprints/Gamemode/SWRP_Gamemode.SWRP_Gamemode
[2021.03.26-14.02.41:122][554]LogAssetEditorSubsystem: Opening Asset editor for Blueprint /Game/CustomContent/UGC2434120609/Blueprints/Player/SWRP_Player.SWRP_Player
[2021.03.26-14.02.45:674][ 33]LogWorld: UWorld::CleanupWorld for World_3, bSessionEnded=true, bCleanupResources=true
[2021.03.26-14.02.45:674][ 33]LogSlate: InvalidateAllWidgets triggered.  All widgets were invalidated
